<?xml version="1.0" encoding="UTF-8"?>
<coverage generated="1524157425247" clover="3.2.0">
  <project timestamp="1524157425248" name="All files">
    <metrics statements="232" coveredstatements="187" conditionals="153" coveredconditionals="73" methods="84" coveredmethods="55" elements="469" coveredelements="315" complexity="0" loc="232" ncloc="232" packages="14" files="14" classes="14">
      <package name="dist.server.database.src.Action.User">
        <metrics statements="16" coveredstatements="16" conditionals="2" coveredconditionals="1" methods="5" coveredmethods="5"/>
        <file name="CreateUser.js" path="/Users/jeremycollins/Projects/TS-mysql-server/dist/server/database/src/Action/User/CreateUser.js">
          <metrics statements="16" coveredstatements="16" conditionals="2" coveredconditionals="1" methods="5" coveredmethods="5"/>
          <line num="2" count="1" type="stmt"/>
          <line num="3" count="1" type="stmt"/>
          <line num="4" count="1" type="stmt"/>
          <line num="5" count="1" type="stmt"/>
          <line num="7" count="1" type="cond" truecount="1" falsecount="1"/>
          <line num="8" count="1" type="stmt"/>
          <line num="10" count="1" type="stmt"/>
          <line num="11" count="1" type="stmt"/>
          <line num="13" count="1" type="stmt"/>
          <line num="15" count="1" type="stmt"/>
          <line num="26" count="1" type="stmt"/>
          <line num="27" count="1" type="stmt"/>
          <line num="29" count="1" type="stmt"/>
          <line num="30" count="1" type="stmt"/>
          <line num="32" count="1" type="stmt"/>
          <line num="34" count="1" type="stmt"/>
        </file>
      </package>
      <package name="dist.server.database.src.ActionHandler.User">
        <metrics statements="52" coveredstatements="40" conditionals="91" coveredconditionals="38" methods="19" coveredmethods="13"/>
        <file name="CreateUserHandler.js" path="/Users/jeremycollins/Projects/TS-mysql-server/dist/server/database/src/ActionHandler/User/CreateUserHandler.js">
          <metrics statements="52" coveredstatements="40" conditionals="91" coveredconditionals="38" methods="19" coveredmethods="13"/>
          <line num="2" count="1" type="cond" truecount="3" falsecount="0"/>
          <line num="3" count="1" type="cond" truecount="1" falsecount="3"/>
          <line num="4" count="1" type="cond" truecount="3" falsecount="1"/>
          <line num="5" count="0" type="cond" truecount="0" falsecount="8"/>
          <line num="6" count="1" type="cond" truecount="1" falsecount="2"/>
          <line num="8" count="1" type="cond" truecount="3" falsecount="0"/>
          <line num="9" count="1" type="cond" truecount="3" falsecount="1"/>
          <line num="11" count="1" type="cond" truecount="3" falsecount="0"/>
          <line num="12" count="1" type="cond" truecount="2" falsecount="0"/>
          <line num="13" count="0" type="stmt"/>
          <line num="14" count="0" type="stmt"/>
          <line num="15" count="0" type="cond" truecount="0" falsecount="2"/>
          <line num="16" count="1" type="cond" truecount="2" falsecount="0"/>
          <line num="19" count="1" type="cond" truecount="3" falsecount="0"/>
          <line num="20" count="1" type="cond" truecount="0" falsecount="2"/>
          <line num="21" count="1" type="cond" truecount="2" falsecount="0"/>
          <line num="22" count="3" type="stmt"/>
          <line num="24" count="1" type="cond" truecount="1" falsecount="1"/>
          <line num="25" count="2" type="stmt"/>
          <line num="26" count="2" type="cond" truecount="2" falsecount="7"/>
          <line num="27" count="2" type="cond" truecount="1" falsecount="1"/>
          <line num="28" count="2" type="cond" truecount="3" falsecount="3"/>
          <line num="29" count="1" type="stmt"/>
          <line num="30" count="0" type="stmt"/>
          <line num="31" count="0" type="stmt"/>
          <line num="32" count="0" type="stmt"/>
          <line num="34" count="1" type="cond" truecount="4" falsecount="3"/>
          <line num="35" count="0" type="cond" truecount="0" falsecount="6"/>
          <line num="36" count="0" type="cond" truecount="0" falsecount="4"/>
          <line num="37" count="0" type="cond" truecount="0" falsecount="4"/>
          <line num="38" count="0" type="cond" truecount="0" falsecount="2"/>
          <line num="39" count="0" type="stmt"/>
          <line num="41" count="1" type="stmt"/>
          <line num="42" count="2" type="stmt"/>
          <line num="43" count="1" type="cond" truecount="1" falsecount="3"/>
          <line num="46" count="1" type="stmt"/>
          <line num="47" count="1" type="stmt"/>
          <line num="48" count="1" type="stmt"/>
          <line num="49" count="1" type="stmt"/>
          <line num="50" count="1" type="stmt"/>
          <line num="51" count="1" type="stmt"/>
          <line num="53" count="1" type="stmt"/>
          <line num="55" count="1" type="stmt"/>
          <line num="56" count="1" type="stmt"/>
          <line num="58" count="1" type="stmt"/>
          <line num="59" count="1" type="stmt"/>
          <line num="60" count="1" type="stmt"/>
          <line num="61" count="1" type="stmt"/>
          <line num="62" count="1" type="stmt"/>
          <line num="66" count="1" type="stmt"/>
          <line num="70" count="1" type="stmt"/>
          <line num="72" count="1" type="stmt"/>
        </file>
      </package>
      <package name="dist.server.database.src.DomainModel.User">
        <metrics statements="28" coveredstatements="22" conditionals="29" coveredconditionals="24" methods="11" coveredmethods="5"/>
        <file name="User.js" path="/Users/jeremycollins/Projects/TS-mysql-server/dist/server/database/src/DomainModel/User/User.js">
          <metrics statements="28" coveredstatements="22" conditionals="29" coveredconditionals="24" methods="11" coveredmethods="5"/>
          <line num="2" count="1" type="cond" truecount="3" falsecount="0"/>
          <line num="3" count="5" type="cond" truecount="3" falsecount="1"/>
          <line num="4" count="5" type="cond" truecount="3" falsecount="1"/>
          <line num="5" count="10" type="cond" truecount="7" falsecount="1"/>
          <line num="6" count="5" type="cond" truecount="2" falsecount="1"/>
          <line num="8" count="1" type="cond" truecount="3" falsecount="0"/>
          <line num="9" count="5" type="cond" truecount="3" falsecount="1"/>
          <line num="11" count="1" type="stmt"/>
          <line num="12" count="1" type="stmt"/>
          <line num="13" count="1" type="stmt"/>
          <line num="16" count="1" type="stmt"/>
          <line num="18" count="0" type="stmt"/>
          <line num="23" count="1" type="stmt"/>
          <line num="25" count="0" type="stmt"/>
          <line num="28" count="1" type="stmt"/>
          <line num="33" count="1" type="stmt"/>
          <line num="35" count="0" type="stmt"/>
          <line num="38" count="0" type="stmt"/>
          <line num="43" count="1" type="stmt"/>
          <line num="45" count="0" type="stmt"/>
          <line num="48" count="0" type="stmt"/>
          <line num="53" count="1" type="stmt"/>
          <line num="57" count="1" type="stmt"/>
          <line num="61" count="1" type="stmt"/>
          <line num="65" count="1" type="stmt"/>
          <line num="69" count="1" type="stmt"/>
          <line num="73" count="1" type="stmt"/>
          <line num="75" count="1" type="stmt"/>
        </file>
      </package>
      <package name="dist.server.database.src.Infrastructure.Lib">
        <metrics statements="15" coveredstatements="13" conditionals="0" coveredconditionals="0" methods="6" coveredmethods="4"/>
        <file name="ApplicationCore.js" path="/Users/jeremycollins/Projects/TS-mysql-server/dist/server/database/src/Infrastructure/Lib/ApplicationCore.js">
          <metrics statements="15" coveredstatements="13" conditionals="0" coveredconditionals="0" methods="6" coveredmethods="4"/>
          <line num="2" count="1" type="stmt"/>
          <line num="3" count="1" type="stmt"/>
          <line num="4" count="1" type="stmt"/>
          <line num="5" count="1" type="stmt"/>
          <line num="6" count="1" type="stmt"/>
          <line num="9" count="1" type="stmt"/>
          <line num="10" count="1" type="stmt"/>
          <line num="12" count="1" type="stmt"/>
          <line num="13" count="0" type="stmt"/>
          <line num="15" count="1" type="stmt"/>
          <line num="17" count="1" type="stmt"/>
          <line num="22" count="1" type="stmt"/>
          <line num="24" count="0" type="stmt"/>
          <line num="29" count="1" type="stmt"/>
          <line num="31" count="1" type="stmt"/>
        </file>
      </package>
      <package name="dist.server.database.src.Infrastructure.Lib.Bus.Command">
        <metrics statements="7" coveredstatements="7" conditionals="0" coveredconditionals="0" methods="3" coveredmethods="3"/>
        <file name="CommandBus.js" path="/Users/jeremycollins/Projects/TS-mysql-server/dist/server/database/src/Infrastructure/Lib/Bus/Command/CommandBus.js">
          <metrics statements="7" coveredstatements="7" conditionals="0" coveredconditionals="0" methods="3" coveredmethods="3"/>
          <line num="2" count="1" type="stmt"/>
          <line num="3" count="1" type="stmt"/>
          <line num="6" count="1" type="stmt"/>
          <line num="7" count="1" type="stmt"/>
          <line num="8" count="1" type="stmt"/>
          <line num="10" count="1" type="stmt"/>
          <line num="12" count="1" type="stmt"/>
        </file>
      </package>
      <package name="dist.server.database.src.Infrastructure.Lib.Bus.Query">
        <metrics statements="7" coveredstatements="5" conditionals="0" coveredconditionals="0" methods="3" coveredmethods="1"/>
        <file name="QueryBus.js" path="/Users/jeremycollins/Projects/TS-mysql-server/dist/server/database/src/Infrastructure/Lib/Bus/Query/QueryBus.js">
          <metrics statements="7" coveredstatements="5" conditionals="0" coveredconditionals="0" methods="3" coveredmethods="1"/>
          <line num="2" count="1" type="stmt"/>
          <line num="3" count="1" type="stmt"/>
          <line num="6" count="1" type="stmt"/>
          <line num="7" count="0" type="stmt"/>
          <line num="8" count="0" type="stmt"/>
          <line num="10" count="1" type="stmt"/>
          <line num="12" count="1" type="stmt"/>
        </file>
      </package>
      <package name="dist.server.database.src.Infrastructure.Repository">
        <metrics statements="24" coveredstatements="17" conditionals="24" coveredconditionals="8" methods="6" coveredmethods="4"/>
        <file name="UserRepository.js" path="/Users/jeremycollins/Projects/TS-mysql-server/dist/server/database/src/Infrastructure/Repository/UserRepository.js">
          <metrics statements="24" coveredstatements="17" conditionals="24" coveredconditionals="8" methods="6" coveredmethods="4"/>
          <line num="2" count="1" type="cond" truecount="3" falsecount="0"/>
          <line num="3" count="1" type="cond" truecount="1" falsecount="3"/>
          <line num="4" count="1" type="cond" truecount="3" falsecount="1"/>
          <line num="5" count="0" type="cond" truecount="0" falsecount="8"/>
          <line num="6" count="1" type="cond" truecount="1" falsecount="2"/>
          <line num="8" count="1" type="stmt"/>
          <line num="9" count="1" type="stmt"/>
          <line num="10" count="1" type="stmt"/>
          <line num="11" count="1" type="stmt"/>
          <line num="12" count="1" type="stmt"/>
          <line num="13" count="1" type="stmt"/>
          <line num="16" count="1" type="stmt"/>
          <line num="17" count="1" type="stmt"/>
          <line num="19" count="1" type="stmt"/>
          <line num="20" count="0" type="stmt"/>
          <line num="21" count="0" type="cond" truecount="0" falsecount="2"/>
          <line num="22" count="0" type="stmt"/>
          <line num="25" count="0" type="stmt"/>
          <line num="27" count="0" type="stmt"/>
          <line num="28" count="0" type="stmt"/>
          <line num="30" count="1" type="stmt"/>
          <line num="34" count="1" type="stmt"/>
          <line num="37" count="1" type="stmt"/>
          <line num="39" count="1" type="stmt"/>
        </file>
      </package>
      <package name="src.database.src.Action.User">
        <metrics statements="14" coveredstatements="14" conditionals="2" coveredconditionals="1" methods="5" coveredmethods="5"/>
        <file name="CreateUser.ts" path="/Users/jeremycollins/Projects/TS-mysql-server/src/database/src/Action/User/CreateUser.ts">
          <metrics statements="14" coveredstatements="14" conditionals="2" coveredconditionals="1" methods="5" coveredmethods="5"/>
          <line num="1" count="1" type="stmt"/>
          <line num="5" count="1" type="stmt"/>
          <line num="7" count="1" type="stmt"/>
          <line num="10" count="2" type="cond" truecount="1" falsecount="1"/>
          <line num="12" count="1" type="stmt"/>
          <line num="13" count="1" type="stmt"/>
          <line num="16" count="1" type="stmt"/>
          <line num="17" count="1" type="stmt"/>
          <line num="27" count="1" type="stmt"/>
          <line num="28" count="1" type="stmt"/>
          <line num="29" count="1" type="stmt"/>
          <line num="32" count="1" type="stmt"/>
          <line num="33" count="1" type="stmt"/>
          <line num="35" count="1" type="stmt"/>
        </file>
      </package>
      <package name="src.database.src.ActionHandler.User">
        <metrics statements="12" coveredstatements="12" conditionals="3" coveredconditionals="1" methods="3" coveredmethods="3"/>
        <file name="CreateUserHandler.ts" path="/Users/jeremycollins/Projects/TS-mysql-server/src/database/src/ActionHandler/User/CreateUserHandler.ts">
          <metrics statements="12" coveredstatements="12" conditionals="3" coveredconditionals="1" methods="3" coveredmethods="3"/>
          <line num="3" count="1" type="stmt"/>
          <line num="4" count="1" type="stmt"/>
          <line num="5" count="1" type="stmt"/>
          <line num="6" count="1" type="stmt"/>
          <line num="7" count="1" type="stmt"/>
          <line num="12" count="1" type="stmt"/>
          <line num="13" count="1" type="stmt"/>
          <line num="15" count="1" type="cond" truecount="1" falsecount="2"/>
          <line num="17" count="1" type="stmt"/>
          <line num="18" count="1" type="stmt"/>
          <line num="19" count="1" type="stmt"/>
          <line num="21" count="1" type="stmt"/>
        </file>
      </package>
      <package name="src.database.src.DomainModel.User">
        <metrics statements="18" coveredstatements="12" conditionals="0" coveredconditionals="0" methods="9" coveredmethods="3"/>
        <file name="User.ts" path="/Users/jeremycollins/Projects/TS-mysql-server/src/database/src/DomainModel/User/User.ts">
          <metrics statements="18" coveredstatements="12" conditionals="0" coveredconditionals="0" methods="9" coveredmethods="3"/>
          <line num="1" count="1" type="stmt"/>
          <line num="6" count="1" type="stmt"/>
          <line num="8" count="1" type="stmt"/>
          <line num="11" count="1" type="stmt"/>
          <line num="14" count="1" type="stmt"/>
          <line num="17" count="1" type="stmt"/>
          <line num="22" count="1" type="stmt"/>
          <line num="23" count="0" type="stmt"/>
          <line num="26" count="1" type="stmt"/>
          <line num="27" count="0" type="stmt"/>
          <line num="31" count="1" type="stmt"/>
          <line num="34" count="1" type="stmt"/>
          <line num="35" count="0" type="stmt"/>
          <line num="39" count="0" type="stmt"/>
          <line num="42" count="1" type="stmt"/>
          <line num="43" count="0" type="stmt"/>
          <line num="47" count="0" type="stmt"/>
          <line num="56" count="1" type="stmt"/>
        </file>
      </package>
      <package name="src.database.src.Infrastructure.Lib">
        <metrics statements="13" coveredstatements="11" conditionals="0" coveredconditionals="0" methods="6" coveredmethods="4"/>
        <file name="ApplicationCore.ts" path="/Users/jeremycollins/Projects/TS-mysql-server/src/database/src/Infrastructure/Lib/ApplicationCore.ts">
          <metrics statements="13" coveredstatements="11" conditionals="0" coveredconditionals="0" methods="6" coveredmethods="4"/>
          <line num="1" count="1" type="stmt"/>
          <line num="5" count="1" type="stmt"/>
          <line num="6" count="1" type="stmt"/>
          <line num="8" count="1" type="stmt"/>
          <line num="11" count="1" type="stmt"/>
          <line num="12" count="1" type="stmt"/>
          <line num="15" count="1" type="stmt"/>
          <line num="16" count="0" type="stmt"/>
          <line num="19" count="1" type="stmt"/>
          <line num="20" count="1" type="stmt"/>
          <line num="23" count="1" type="stmt"/>
          <line num="24" count="0" type="stmt"/>
          <line num="26" count="1" type="stmt"/>
        </file>
      </package>
      <package name="src.database.src.Infrastructure.Lib.Bus.Command">
        <metrics statements="5" coveredstatements="5" conditionals="0" coveredconditionals="0" methods="2" coveredmethods="2"/>
        <file name="CommandBus.ts" path="/Users/jeremycollins/Projects/TS-mysql-server/src/database/src/Infrastructure/Lib/Bus/Command/CommandBus.ts">
          <metrics statements="5" coveredstatements="5" conditionals="0" coveredconditionals="0" methods="2" coveredmethods="2"/>
          <line num="8" count="1" type="stmt"/>
          <line num="10" count="1" type="stmt"/>
          <line num="11" count="1" type="stmt"/>
          <line num="12" count="1" type="stmt"/>
          <line num="14" count="1" type="stmt"/>
        </file>
      </package>
      <package name="src.database.src.Infrastructure.Lib.Bus.Query">
        <metrics statements="5" coveredstatements="3" conditionals="0" coveredconditionals="0" methods="2" coveredmethods="1"/>
        <file name="QueryBus.ts" path="/Users/jeremycollins/Projects/TS-mysql-server/src/database/src/Infrastructure/Lib/Bus/Query/QueryBus.ts">
          <metrics statements="5" coveredstatements="3" conditionals="0" coveredconditionals="0" methods="2" coveredmethods="1"/>
          <line num="8" count="1" type="stmt"/>
          <line num="9" count="1" type="stmt"/>
          <line num="10" count="0" type="stmt"/>
          <line num="11" count="0" type="stmt"/>
          <line num="13" count="1" type="stmt"/>
        </file>
      </package>
      <package name="src.database.src.Infrastructure.Repository">
        <metrics statements="16" coveredstatements="10" conditionals="2" coveredconditionals="0" methods="4" coveredmethods="2"/>
        <file name="UserRepository.ts" path="/Users/jeremycollins/Projects/TS-mysql-server/src/database/src/Infrastructure/Repository/UserRepository.ts">
          <metrics statements="16" coveredstatements="10" conditionals="2" coveredconditionals="0" methods="4" coveredmethods="2"/>
          <line num="1" count="1" type="stmt"/>
          <line num="2" count="1" type="stmt"/>
          <line num="3" count="1" type="stmt"/>
          <line num="4" count="1" type="stmt"/>
          <line num="13" count="1" type="stmt"/>
          <line num="15" count="1" type="stmt"/>
          <line num="16" count="1" type="stmt"/>
          <line num="19" count="1" type="stmt"/>
          <line num="20" count="0" type="stmt"/>
          <line num="21" count="0" type="cond" truecount="0" falsecount="2"/>
          <line num="22" count="0" type="stmt"/>
          <line num="24" count="0" type="stmt"/>
          <line num="26" count="0" type="stmt"/>
          <line num="27" count="0" type="stmt"/>
          <line num="30" count="1" type="stmt"/>
          <line num="35" count="1" type="stmt"/>
        </file>
      </package>
    </metrics>
  </project>
</coverage>
