{"/Users/jeremycollins/Projects/TS-mysql-server/dist/server/database/src/Action/User/CreateUser.js": {"path":"/Users/jeremycollins/Projects/TS-mysql-server/dist/server/database/src/Action/User/CreateUser.js","statementMap":{"0":{"start":{"line":2,"column":0},"end":{"line":2,"column":62}},"1":{"start":{"line":3,"column":26},"end":{"line":3,"column":79}},"2":{"start":{"line":4,"column":13},"end":{"line":4,"column":51}},"3":{"start":{"line":5,"column":32},"end":{"line":33,"column":3}},"4":{"start":{"line":7,"column":8},"end":{"line":7,"column":49}},"5":{"start":{"line":7,"column":33},"end":{"line":7,"column":47}},"6":{"start":{"line":8,"column":8},"end":{"line":8,"column":29}},"7":{"start":{"line":10,"column":8},"end":{"line":10,"column":39}},"8":{"start":{"line":11,"column":8},"end":{"line":11,"column":30}},"9":{"start":{"line":13,"column":4},"end":{"line":19,"column":7}},"10":{"start":{"line":15,"column":12},"end":{"line":15,"column":30}},"11":{"start":{"line":26,"column":4},"end":{"line":28,"column":6}},"12":{"start":{"line":27,"column":8},"end":{"line":27,"column":33}},"13":{"start":{"line":29,"column":4},"end":{"line":31,"column":6}},"14":{"start":{"line":30,"column":8},"end":{"line":30,"column":63}},"15":{"start":{"line":32,"column":4},"end":{"line":32,"column":22}},"16":{"start":{"line":34,"column":0},"end":{"line":34,"column":32}}},"fnMap":{"0":{"name":"(anonymous_0)","decl":{"start":{"line":5,"column":32},"end":{"line":5,"column":33}},"loc":{"start":{"line":5,"column":44},"end":{"line":33,"column":1}},"line":5},"1":{"name":"CreateUser","decl":{"start":{"line":6,"column":13},"end":{"line":6,"column":23}},"loc":{"start":{"line":6,"column":32},"end":{"line":12,"column":5}},"line":6},"2":{"name":"(anonymous_2)","decl":{"start":{"line":14,"column":13},"end":{"line":14,"column":14}},"loc":{"start":{"line":14,"column":25},"end":{"line":16,"column":9}},"line":14},"3":{"name":"(anonymous_3)","decl":{"start":{"line":26,"column":36},"end":{"line":26,"column":37}},"loc":{"start":{"line":26,"column":53},"end":{"line":28,"column":5}},"line":26},"4":{"name":"(anonymous_4)","decl":{"start":{"line":29,"column":44},"end":{"line":29,"column":45}},"loc":{"start":{"line":29,"column":56},"end":{"line":31,"column":5}},"line":29}},"branchMap":{"0":{"loc":{"start":{"line":7,"column":8},"end":{"line":7,"column":49}},"type":"if","locations":[{"start":{"line":7,"column":8},"end":{"line":7,"column":49}},{"start":{"line":7,"column":8},"end":{"line":7,"column":49}}],"line":7}},"s":{"0":1,"1":1,"2":1,"3":1,"4":1,"5":0,"6":1,"7":1,"8":1,"9":1,"10":1,"11":1,"12":1,"13":1,"14":1,"15":1,"16":1},"f":{"0":1,"1":1,"2":1,"3":1,"4":1},"b":{"0":[0,1]},"_coverageSchema":"332fd63041d2c1bcb487cc26dd0d5f7d97098a6c","hash":"473abc5be232b17dc6e907f3c7225d8b526d40ae"}
,"/Users/jeremycollins/Projects/TS-mysql-server/dist/server/database/src/ActionHandler/User/CreateUserHandler.js": {"path":"/Users/jeremycollins/Projects/TS-mysql-server/dist/server/database/src/ActionHandler/User/CreateUserHandler.js","statementMap":{"0":{"start":{"line":2,"column":17},"end":{"line":7,"column":1}},"1":{"start":{"line":3,"column":12},"end":{"line":3,"column":28}},"2":{"start":{"line":3,"column":34},"end":{"line":3,"column":125}},"3":{"start":{"line":4,"column":4},"end":{"line":5,"column":150}},"4":{"start":{"line":4,"column":79},"end":{"line":4,"column":131}},"5":{"start":{"line":5,"column":9},"end":{"line":5,"column":150}},"6":{"start":{"line":5,"column":58},"end":{"line":5,"column":150}},"7":{"start":{"line":5,"column":81},"end":{"line":5,"column":150}},"8":{"start":{"line":6,"column":4},"end":{"line":6,"column":66}},"9":{"start":{"line":8,"column":17},"end":{"line":10,"column":1}},"10":{"start":{"line":9,"column":4},"end":{"line":9,"column":109}},"11":{"start":{"line":9,"column":79},"end":{"line":9,"column":109}},"12":{"start":{"line":11,"column":16},"end":{"line":18,"column":1}},"13":{"start":{"line":12,"column":4},"end":{"line":17,"column":7}},"14":{"start":{"line":13,"column":36},"end":{"line":13,"column":97}},"15":{"start":{"line":13,"column":42},"end":{"line":13,"column":70}},"16":{"start":{"line":13,"column":85},"end":{"line":13,"column":95}},"17":{"start":{"line":14,"column":35},"end":{"line":14,"column":100}},"18":{"start":{"line":14,"column":41},"end":{"line":14,"column":73}},"19":{"start":{"line":14,"column":88},"end":{"line":14,"column":98}},"20":{"start":{"line":15,"column":32},"end":{"line":15,"column":149}},"21":{"start":{"line":15,"column":97},"end":{"line":15,"column":119}},"22":{"start":{"line":16,"column":8},"end":{"line":16,"column":78}},"23":{"start":{"line":19,"column":18},"end":{"line":45,"column":1}},"24":{"start":{"line":20,"column":12},"end":{"line":20,"column":104}},"25":{"start":{"line":20,"column":43},"end":{"line":20,"column":68}},"26":{"start":{"line":20,"column":57},"end":{"line":20,"column":68}},"27":{"start":{"line":20,"column":69},"end":{"line":20,"column":81}},"28":{"start":{"line":21,"column":4},"end":{"line":21,"column":157}},"29":{"start":{"line":21,"column":138},"end":{"line":21,"column":150}},"30":{"start":{"line":22,"column":23},"end":{"line":22,"column":68}},"31":{"start":{"line":22,"column":45},"end":{"line":22,"column":65}},"32":{"start":{"line":24,"column":8},"end":{"line":24,"column":70}},"33":{"start":{"line":24,"column":15},"end":{"line":24,"column":70}},"34":{"start":{"line":25,"column":8},"end":{"line":42,"column":66}},"35":{"start":{"line":25,"column":18},"end":{"line":42,"column":66}},"36":{"start":{"line":26,"column":12},"end":{"line":26,"column":127}},"37":{"start":{"line":26,"column":118},"end":{"line":26,"column":127}},"38":{"start":{"line":27,"column":12},"end":{"line":27,"column":44}},"39":{"start":{"line":27,"column":26},"end":{"line":27,"column":44}},"40":{"start":{"line":28,"column":12},"end":{"line":40,"column":13}},"41":{"start":{"line":29,"column":32},"end":{"line":29,"column":39}},"42":{"start":{"line":29,"column":40},"end":{"line":29,"column":46}},"43":{"start":{"line":30,"column":24},"end":{"line":30,"column":34}},"44":{"start":{"line":30,"column":35},"end":{"line":30,"column":72}},"45":{"start":{"line":31,"column":24},"end":{"line":31,"column":34}},"46":{"start":{"line":31,"column":35},"end":{"line":31,"column":45}},"47":{"start":{"line":31,"column":46},"end":{"line":31,"column":55}},"48":{"start":{"line":31,"column":56},"end":{"line":31,"column":65}},"49":{"start":{"line":32,"column":24},"end":{"line":32,"column":41}},"50":{"start":{"line":32,"column":42},"end":{"line":32,"column":55}},"51":{"start":{"line":32,"column":56},"end":{"line":32,"column":65}},"52":{"start":{"line":34,"column":20},"end":{"line":34,"column":128}},"53":{"start":{"line":34,"column":110},"end":{"line":34,"column":116}},"54":{"start":{"line":34,"column":117},"end":{"line":34,"column":126}},"55":{"start":{"line":35,"column":20},"end":{"line":35,"column":106}},"56":{"start":{"line":35,"column":81},"end":{"line":35,"column":97}},"57":{"start":{"line":35,"column":98},"end":{"line":35,"column":104}},"58":{"start":{"line":36,"column":20},"end":{"line":36,"column":89}},"59":{"start":{"line":36,"column":57},"end":{"line":36,"column":72}},"60":{"start":{"line":36,"column":73},"end":{"line":36,"column":80}},"61":{"start":{"line":36,"column":81},"end":{"line":36,"column":87}},"62":{"start":{"line":37,"column":20},"end":{"line":37,"column":87}},"63":{"start":{"line":37,"column":47},"end":{"line":37,"column":62}},"64":{"start":{"line":37,"column":63},"end":{"line":37,"column":78}},"65":{"start":{"line":37,"column":79},"end":{"line":37,"column":85}},"66":{"start":{"line":38,"column":20},"end":{"line":38,"column":42}},"67":{"start":{"line":38,"column":30},"end":{"line":38,"column":42}},"68":{"start":{"line":39,"column":20},"end":{"line":39,"column":33}},"69":{"start":{"line":39,"column":34},"end":{"line":39,"column":43}},"70":{"start":{"line":41,"column":12},"end":{"line":41,"column":39}},"71":{"start":{"line":42,"column":22},"end":{"line":42,"column":34}},"72":{"start":{"line":42,"column":35},"end":{"line":42,"column":41}},"73":{"start":{"line":42,"column":54},"end":{"line":42,"column":64}},"74":{"start":{"line":43,"column":8},"end":{"line":43,"column":35}},"75":{"start":{"line":43,"column":23},"end":{"line":43,"column":35}},"76":{"start":{"line":43,"column":36},"end":{"line":43,"column":89}},"77":{"start":{"line":46,"column":0},"end":{"line":46,"column":62}},"78":{"start":{"line":47,"column":19},"end":{"line":47,"column":58}},"79":{"start":{"line":48,"column":23},"end":{"line":48,"column":80}},"80":{"start":{"line":49,"column":18},"end":{"line":49,"column":38}},"81":{"start":{"line":50,"column":0},"end":{"line":50,"column":28}},"82":{"start":{"line":51,"column":15},"end":{"line":51,"column":32}},"83":{"start":{"line":53,"column":39},"end":{"line":71,"column":3}},"84":{"start":{"line":55,"column":8},"end":{"line":55,"column":31}},"85":{"start":{"line":56,"column":8},"end":{"line":56,"column":86}},"86":{"start":{"line":58,"column":4},"end":{"line":65,"column":6}},"87":{"start":{"line":59,"column":8},"end":{"line":64,"column":11}},"88":{"start":{"line":60,"column":12},"end":{"line":63,"column":15}},"89":{"start":{"line":61,"column":16},"end":{"line":61,"column":42}},"90":{"start":{"line":62,"column":16},"end":{"line":62,"column":89}},"91":{"start":{"line":66,"column":4},"end":{"line":69,"column":26}},"92":{"start":{"line":70,"column":4},"end":{"line":70,"column":29}},"93":{"start":{"line":72,"column":0},"end":{"line":72,"column":46}}},"fnMap":{"0":{"name":"(anonymous_0)","decl":{"start":{"line":2,"column":46},"end":{"line":2,"column":47}},"loc":{"start":{"line":2,"column":87},"end":{"line":7,"column":1}},"line":2},"1":{"name":"(anonymous_1)","decl":{"start":{"line":8,"column":46},"end":{"line":8,"column":47}},"loc":{"start":{"line":8,"column":62},"end":{"line":10,"column":1}},"line":8},"2":{"name":"(anonymous_2)","decl":{"start":{"line":11,"column":44},"end":{"line":11,"column":45}},"loc":{"start":{"line":11,"column":89},"end":{"line":18,"column":1}},"line":11},"3":{"name":"(anonymous_3)","decl":{"start":{"line":12,"column":36},"end":{"line":12,"column":37}},"loc":{"start":{"line":12,"column":63},"end":{"line":17,"column":5}},"line":12},"4":{"name":"fulfilled","decl":{"start":{"line":13,"column":17},"end":{"line":13,"column":26}},"loc":{"start":{"line":13,"column":34},"end":{"line":13,"column":99}},"line":13},"5":{"name":"rejected","decl":{"start":{"line":14,"column":17},"end":{"line":14,"column":25}},"loc":{"start":{"line":14,"column":33},"end":{"line":14,"column":102}},"line":14},"6":{"name":"step","decl":{"start":{"line":15,"column":17},"end":{"line":15,"column":21}},"loc":{"start":{"line":15,"column":30},"end":{"line":15,"column":151}},"line":15},"7":{"name":"(anonymous_7)","decl":{"start":{"line":15,"column":76},"end":{"line":15,"column":77}},"loc":{"start":{"line":15,"column":95},"end":{"line":15,"column":121}},"line":15},"8":{"name":"(anonymous_8)","decl":{"start":{"line":19,"column":48},"end":{"line":19,"column":49}},"loc":{"start":{"line":19,"column":73},"end":{"line":45,"column":1}},"line":19},"9":{"name":"(anonymous_9)","decl":{"start":{"line":20,"column":30},"end":{"line":20,"column":31}},"loc":{"start":{"line":20,"column":41},"end":{"line":20,"column":83}},"line":20},"10":{"name":"(anonymous_10)","decl":{"start":{"line":21,"column":125},"end":{"line":21,"column":126}},"loc":{"start":{"line":21,"column":136},"end":{"line":21,"column":152}},"line":21},"11":{"name":"verb","decl":{"start":{"line":22,"column":13},"end":{"line":22,"column":17}},"loc":{"start":{"line":22,"column":21},"end":{"line":22,"column":70}},"line":22},"12":{"name":"(anonymous_12)","decl":{"start":{"line":22,"column":30},"end":{"line":22,"column":31}},"loc":{"start":{"line":22,"column":43},"end":{"line":22,"column":67}},"line":22},"13":{"name":"step","decl":{"start":{"line":23,"column":13},"end":{"line":23,"column":17}},"loc":{"start":{"line":23,"column":22},"end":{"line":44,"column":5}},"line":23},"14":{"name":"(anonymous_14)","decl":{"start":{"line":53,"column":39},"end":{"line":53,"column":40}},"loc":{"start":{"line":53,"column":51},"end":{"line":71,"column":1}},"line":53},"15":{"name":"CreateUserHandler","decl":{"start":{"line":54,"column":13},"end":{"line":54,"column":30}},"loc":{"start":{"line":54,"column":40},"end":{"line":57,"column":5}},"line":54},"16":{"name":"(anonymous_16)","decl":{"start":{"line":58,"column":42},"end":{"line":58,"column":43}},"loc":{"start":{"line":58,"column":54},"end":{"line":65,"column":5}},"line":58},"17":{"name":"(anonymous_17)","decl":{"start":{"line":59,"column":47},"end":{"line":59,"column":48}},"loc":{"start":{"line":59,"column":59},"end":{"line":64,"column":9}},"line":59},"18":{"name":"(anonymous_18)","decl":{"start":{"line":60,"column":37},"end":{"line":60,"column":38}},"loc":{"start":{"line":60,"column":51},"end":{"line":63,"column":13}},"line":60}},"branchMap":{"0":{"loc":{"start":{"line":2,"column":17},"end":{"line":7,"column":1}},"type":"binary-expr","locations":[{"start":{"line":2,"column":18},"end":{"line":2,"column":22}},{"start":{"line":2,"column":26},"end":{"line":2,"column":41}},{"start":{"line":2,"column":46},"end":{"line":7,"column":1}}],"line":2},"1":{"loc":{"start":{"line":3,"column":34},"end":{"line":3,"column":125}},"type":"cond-expr","locations":[{"start":{"line":3,"column":42},"end":{"line":3,"column":48}},{"start":{"line":3,"column":51},"end":{"line":3,"column":125}}],"line":3},"2":{"loc":{"start":{"line":3,"column":51},"end":{"line":3,"column":125}},"type":"cond-expr","locations":[{"start":{"line":3,"column":67},"end":{"line":3,"column":118}},{"start":{"line":3,"column":121},"end":{"line":3,"column":125}}],"line":3},"3":{"loc":{"start":{"line":4,"column":4},"end":{"line":5,"column":150}},"type":"if","locations":[{"start":{"line":4,"column":4},"end":{"line":5,"column":150}},{"start":{"line":4,"column":4},"end":{"line":5,"column":150}}],"line":4},"4":{"loc":{"start":{"line":4,"column":8},"end":{"line":4,"column":77}},"type":"binary-expr","locations":[{"start":{"line":4,"column":8},"end":{"line":4,"column":35}},{"start":{"line":4,"column":39},"end":{"line":4,"column":77}}],"line":4},"5":{"loc":{"start":{"line":5,"column":58},"end":{"line":5,"column":150}},"type":"if","locations":[{"start":{"line":5,"column":58},"end":{"line":5,"column":150}},{"start":{"line":5,"column":58},"end":{"line":5,"column":150}}],"line":5},"6":{"loc":{"start":{"line":5,"column":85},"end":{"line":5,"column":149}},"type":"binary-expr","locations":[{"start":{"line":5,"column":86},"end":{"line":5,"column":143}},{"start":{"line":5,"column":148},"end":{"line":5,"column":149}}],"line":5},"7":{"loc":{"start":{"line":5,"column":86},"end":{"line":5,"column":143}},"type":"cond-expr","locations":[{"start":{"line":5,"column":94},"end":{"line":5,"column":98}},{"start":{"line":5,"column":101},"end":{"line":5,"column":143}}],"line":5},"8":{"loc":{"start":{"line":5,"column":101},"end":{"line":5,"column":143}},"type":"cond-expr","locations":[{"start":{"line":5,"column":109},"end":{"line":5,"column":126}},{"start":{"line":5,"column":129},"end":{"line":5,"column":143}}],"line":5},"9":{"loc":{"start":{"line":6,"column":11},"end":{"line":6,"column":62}},"type":"binary-expr","locations":[{"start":{"line":6,"column":11},"end":{"line":6,"column":16}},{"start":{"line":6,"column":20},"end":{"line":6,"column":21}},{"start":{"line":6,"column":25},"end":{"line":6,"column":62}}],"line":6},"10":{"loc":{"start":{"line":8,"column":17},"end":{"line":10,"column":1}},"type":"binary-expr","locations":[{"start":{"line":8,"column":18},"end":{"line":8,"column":22}},{"start":{"line":8,"column":26},"end":{"line":8,"column":41}},{"start":{"line":8,"column":46},"end":{"line":10,"column":1}}],"line":8},"11":{"loc":{"start":{"line":9,"column":4},"end":{"line":9,"column":109}},"type":"if","locations":[{"start":{"line":9,"column":4},"end":{"line":9,"column":109}},{"start":{"line":9,"column":4},"end":{"line":9,"column":109}}],"line":9},"12":{"loc":{"start":{"line":9,"column":8},"end":{"line":9,"column":77}},"type":"binary-expr","locations":[{"start":{"line":9,"column":8},"end":{"line":9,"column":35}},{"start":{"line":9,"column":39},"end":{"line":9,"column":77}}],"line":9},"13":{"loc":{"start":{"line":11,"column":16},"end":{"line":18,"column":1}},"type":"binary-expr","locations":[{"start":{"line":11,"column":17},"end":{"line":11,"column":21}},{"start":{"line":11,"column":25},"end":{"line":11,"column":39}},{"start":{"line":11,"column":44},"end":{"line":18,"column":1}}],"line":11},"14":{"loc":{"start":{"line":12,"column":16},"end":{"line":12,"column":34}},"type":"binary-expr","locations":[{"start":{"line":12,"column":16},"end":{"line":12,"column":17}},{"start":{"line":12,"column":22},"end":{"line":12,"column":33}}],"line":12},"15":{"loc":{"start":{"line":15,"column":32},"end":{"line":15,"column":148}},"type":"cond-expr","locations":[{"start":{"line":15,"column":46},"end":{"line":15,"column":67}},{"start":{"line":15,"column":70},"end":{"line":15,"column":148}}],"line":15},"16":{"loc":{"start":{"line":16,"column":51},"end":{"line":16,"column":67}},"type":"binary-expr","locations":[{"start":{"line":16,"column":51},"end":{"line":16,"column":61}},{"start":{"line":16,"column":65},"end":{"line":16,"column":67}}],"line":16},"17":{"loc":{"start":{"line":19,"column":18},"end":{"line":45,"column":1}},"type":"binary-expr","locations":[{"start":{"line":19,"column":19},"end":{"line":19,"column":23}},{"start":{"line":19,"column":27},"end":{"line":19,"column":43}},{"start":{"line":19,"column":48},"end":{"line":45,"column":1}}],"line":19},"18":{"loc":{"start":{"line":20,"column":43},"end":{"line":20,"column":68}},"type":"if","locations":[{"start":{"line":20,"column":43},"end":{"line":20,"column":68}},{"start":{"line":20,"column":43},"end":{"line":20,"column":68}}],"line":20},"19":{"loc":{"start":{"line":21,"column":71},"end":{"line":21,"column":153}},"type":"binary-expr","locations":[{"start":{"line":21,"column":71},"end":{"line":21,"column":99}},{"start":{"line":21,"column":104},"end":{"line":21,"column":152}}],"line":21},"20":{"loc":{"start":{"line":24,"column":8},"end":{"line":24,"column":70}},"type":"if","locations":[{"start":{"line":24,"column":8},"end":{"line":24,"column":70}},{"start":{"line":24,"column":8},"end":{"line":24,"column":70}}],"line":24},"21":{"loc":{"start":{"line":26,"column":12},"end":{"line":26,"column":127}},"type":"if","locations":[{"start":{"line":26,"column":12},"end":{"line":26,"column":127}},{"start":{"line":26,"column":12},"end":{"line":26,"column":127}}],"line":26},"22":{"loc":{"start":{"line":26,"column":23},"end":{"line":26,"column":116}},"type":"binary-expr","locations":[{"start":{"line":26,"column":23},"end":{"line":26,"column":24}},{"start":{"line":26,"column":29},"end":{"line":26,"column":83}},{"start":{"line":26,"column":88},"end":{"line":26,"column":116}}],"line":26},"23":{"loc":{"start":{"line":26,"column":35},"end":{"line":26,"column":82}},"type":"cond-expr","locations":[{"start":{"line":26,"column":47},"end":{"line":26,"column":55}},{"start":{"line":26,"column":58},"end":{"line":26,"column":82}}],"line":26},"24":{"loc":{"start":{"line":26,"column":58},"end":{"line":26,"column":82}},"type":"cond-expr","locations":[{"start":{"line":26,"column":66},"end":{"line":26,"column":73}},{"start":{"line":26,"column":76},"end":{"line":26,"column":82}}],"line":26},"25":{"loc":{"start":{"line":27,"column":12},"end":{"line":27,"column":44}},"type":"if","locations":[{"start":{"line":27,"column":12},"end":{"line":27,"column":44}},{"start":{"line":27,"column":12},"end":{"line":27,"column":44}}],"line":27},"26":{"loc":{"start":{"line":28,"column":12},"end":{"line":40,"column":13}},"type":"switch","locations":[{"start":{"line":29,"column":16},"end":{"line":29,"column":23}},{"start":{"line":29,"column":24},"end":{"line":29,"column":46}},{"start":{"line":30,"column":16},"end":{"line":30,"column":72}},{"start":{"line":31,"column":16},"end":{"line":31,"column":65}},{"start":{"line":32,"column":16},"end":{"line":32,"column":65}},{"start":{"line":33,"column":16},"end":{"line":39,"column":43}}],"line":28},"27":{"loc":{"start":{"line":34,"column":20},"end":{"line":34,"column":128}},"type":"if","locations":[{"start":{"line":34,"column":20},"end":{"line":34,"column":128}},{"start":{"line":34,"column":20},"end":{"line":34,"column":128}}],"line":34},"28":{"loc":{"start":{"line":34,"column":24},"end":{"line":34,"column":106}},"type":"binary-expr","locations":[{"start":{"line":34,"column":24},"end":{"line":34,"column":74}},{"start":{"line":34,"column":79},"end":{"line":34,"column":90}},{"start":{"line":34,"column":94},"end":{"line":34,"column":105}}],"line":34},"29":{"loc":{"start":{"line":34,"column":42},"end":{"line":34,"column":73}},"type":"binary-expr","locations":[{"start":{"line":34,"column":42},"end":{"line":34,"column":54}},{"start":{"line":34,"column":58},"end":{"line":34,"column":73}}],"line":34},"30":{"loc":{"start":{"line":35,"column":20},"end":{"line":35,"column":106}},"type":"if","locations":[{"start":{"line":35,"column":20},"end":{"line":35,"column":106}},{"start":{"line":35,"column":20},"end":{"line":35,"column":106}}],"line":35},"31":{"loc":{"start":{"line":35,"column":24},"end":{"line":35,"column":77}},"type":"binary-expr","locations":[{"start":{"line":35,"column":24},"end":{"line":35,"column":35}},{"start":{"line":35,"column":40},"end":{"line":35,"column":42}},{"start":{"line":35,"column":47},"end":{"line":35,"column":59}},{"start":{"line":35,"column":63},"end":{"line":35,"column":75}}],"line":35},"32":{"loc":{"start":{"line":36,"column":20},"end":{"line":36,"column":89}},"type":"if","locations":[{"start":{"line":36,"column":20},"end":{"line":36,"column":89}},{"start":{"line":36,"column":20},"end":{"line":36,"column":89}}],"line":36},"33":{"loc":{"start":{"line":36,"column":24},"end":{"line":36,"column":53}},"type":"binary-expr","locations":[{"start":{"line":36,"column":24},"end":{"line":36,"column":35}},{"start":{"line":36,"column":39},"end":{"line":36,"column":53}}],"line":36},"34":{"loc":{"start":{"line":37,"column":20},"end":{"line":37,"column":87}},"type":"if","locations":[{"start":{"line":37,"column":20},"end":{"line":37,"column":87}},{"start":{"line":37,"column":20},"end":{"line":37,"column":87}}],"line":37},"35":{"loc":{"start":{"line":37,"column":24},"end":{"line":37,"column":43}},"type":"binary-expr","locations":[{"start":{"line":37,"column":24},"end":{"line":37,"column":25}},{"start":{"line":37,"column":29},"end":{"line":37,"column":43}}],"line":37},"36":{"loc":{"start":{"line":38,"column":20},"end":{"line":38,"column":42}},"type":"if","locations":[{"start":{"line":38,"column":20},"end":{"line":38,"column":42}},{"start":{"line":38,"column":20},"end":{"line":38,"column":42}}],"line":38},"37":{"loc":{"start":{"line":43,"column":8},"end":{"line":43,"column":35}},"type":"if","locations":[{"start":{"line":43,"column":8},"end":{"line":43,"column":35}},{"start":{"line":43,"column":8},"end":{"line":43,"column":35}}],"line":43},"38":{"loc":{"start":{"line":43,"column":52},"end":{"line":43,"column":74}},"type":"cond-expr","locations":[{"start":{"line":43,"column":60},"end":{"line":43,"column":65}},{"start":{"line":43,"column":68},"end":{"line":43,"column":74}}],"line":43}},"s":{"0":1,"1":1,"2":1,"3":1,"4":1,"5":0,"6":0,"7":0,"8":1,"9":1,"10":1,"11":1,"12":1,"13":1,"14":0,"15":0,"16":0,"17":0,"18":0,"19":0,"20":0,"21":0,"22":1,"23":1,"24":1,"25":0,"26":0,"27":0,"28":1,"29":0,"30":3,"31":1,"32":1,"33":0,"34":1,"35":2,"36":2,"37":0,"38":2,"39":0,"40":2,"41":1,"42":1,"43":0,"44":0,"45":0,"46":0,"47":0,"48":0,"49":0,"50":0,"51":0,"52":1,"53":1,"54":1,"55":0,"56":0,"57":0,"58":0,"59":0,"60":0,"61":0,"62":0,"63":0,"64":0,"65":0,"66":0,"67":0,"68":0,"69":0,"70":1,"71":1,"72":1,"73":2,"74":1,"75":1,"76":0,"77":1,"78":1,"79":1,"80":1,"81":1,"82":1,"83":1,"84":1,"85":1,"86":1,"87":1,"88":1,"89":1,"90":1,"91":1,"92":1,"93":1},"f":{"0":1,"1":1,"2":1,"3":1,"4":0,"5":0,"6":0,"7":0,"8":1,"9":0,"10":0,"11":3,"12":1,"13":1,"14":1,"15":1,"16":1,"17":1,"18":1},"b":{"0":[1,1,1],"1":[1,0],"2":[0,0],"3":[1,0],"4":[1,1],"5":[0,0],"6":[0,0],"7":[0,0],"8":[0,0],"9":[1,0,0],"10":[1,1,1],"11":[1,0],"12":[1,1],"13":[1,1,1],"14":[1,1],"15":[0,0],"16":[1,1],"17":[1,1,1],"18":[0,0],"19":[1,1],"20":[0,1],"21":[0,2],"22":[2,0,0],"23":[0,0],"24":[0,0],"25":[0,2],"26":[1,1,0,0,0,1],"27":[1,0],"28":[1,1,0],"29":[1,0],"30":[0,0],"31":[0,0,0,0],"32":[0,0],"33":[0,0],"34":[0,0],"35":[0,0],"36":[0,0],"37":[1,0],"38":[0,0]},"_coverageSchema":"332fd63041d2c1bcb487cc26dd0d5f7d97098a6c","hash":"4821078773f701a2be3bd261c13d8a3342ac69fb"}
,"/Users/jeremycollins/Projects/TS-mysql-server/dist/server/database/src/DomainModel/User/User.js": {"path":"/Users/jeremycollins/Projects/TS-mysql-server/dist/server/database/src/DomainModel/User/User.js","statementMap":{"0":{"start":{"line":2,"column":17},"end":{"line":7,"column":1}},"1":{"start":{"line":3,"column":12},"end":{"line":3,"column":28}},"2":{"start":{"line":3,"column":34},"end":{"line":3,"column":125}},"3":{"start":{"line":4,"column":4},"end":{"line":5,"column":150}},"4":{"start":{"line":4,"column":79},"end":{"line":4,"column":131}},"5":{"start":{"line":5,"column":9},"end":{"line":5,"column":150}},"6":{"start":{"line":5,"column":58},"end":{"line":5,"column":150}},"7":{"start":{"line":5,"column":81},"end":{"line":5,"column":150}},"8":{"start":{"line":6,"column":4},"end":{"line":6,"column":66}},"9":{"start":{"line":8,"column":17},"end":{"line":10,"column":1}},"10":{"start":{"line":9,"column":4},"end":{"line":9,"column":109}},"11":{"start":{"line":9,"column":79},"end":{"line":9,"column":109}},"12":{"start":{"line":11,"column":0},"end":{"line":11,"column":62}},"13":{"start":{"line":12,"column":16},"end":{"line":12,"column":34}},"14":{"start":{"line":13,"column":26},"end":{"line":74,"column":3}},"15":{"start":{"line":16,"column":4},"end":{"line":22,"column":7}},"16":{"start":{"line":18,"column":12},"end":{"line":18,"column":28}},"17":{"start":{"line":23,"column":4},"end":{"line":32,"column":7}},"18":{"start":{"line":25,"column":12},"end":{"line":25,"column":31}},"19":{"start":{"line":28,"column":12},"end":{"line":28,"column":32}},"20":{"start":{"line":33,"column":4},"end":{"line":42,"column":7}},"21":{"start":{"line":35,"column":12},"end":{"line":35,"column":35}},"22":{"start":{"line":38,"column":12},"end":{"line":38,"column":36}},"23":{"start":{"line":43,"column":4},"end":{"line":52,"column":7}},"24":{"start":{"line":45,"column":12},"end":{"line":45,"column":34}},"25":{"start":{"line":48,"column":12},"end":{"line":48,"column":35}},"26":{"start":{"line":53,"column":4},"end":{"line":56,"column":38}},"27":{"start":{"line":57,"column":4},"end":{"line":60,"column":41}},"28":{"start":{"line":61,"column":4},"end":{"line":64,"column":45}},"29":{"start":{"line":65,"column":4},"end":{"line":68,"column":44}},"30":{"start":{"line":69,"column":4},"end":{"line":72,"column":13}},"31":{"start":{"line":73,"column":4},"end":{"line":73,"column":16}},"32":{"start":{"line":75,"column":0},"end":{"line":75,"column":20}}},"fnMap":{"0":{"name":"(anonymous_0)","decl":{"start":{"line":2,"column":46},"end":{"line":2,"column":47}},"loc":{"start":{"line":2,"column":87},"end":{"line":7,"column":1}},"line":2},"1":{"name":"(anonymous_1)","decl":{"start":{"line":8,"column":46},"end":{"line":8,"column":47}},"loc":{"start":{"line":8,"column":62},"end":{"line":10,"column":1}},"line":8},"2":{"name":"(anonymous_2)","decl":{"start":{"line":13,"column":26},"end":{"line":13,"column":27}},"loc":{"start":{"line":13,"column":38},"end":{"line":74,"column":1}},"line":13},"3":{"name":"User","decl":{"start":{"line":14,"column":13},"end":{"line":14,"column":17}},"loc":{"start":{"line":14,"column":20},"end":{"line":15,"column":5}},"line":14},"4":{"name":"(anonymous_4)","decl":{"start":{"line":17,"column":13},"end":{"line":17,"column":14}},"loc":{"start":{"line":17,"column":25},"end":{"line":19,"column":9}},"line":17},"5":{"name":"(anonymous_5)","decl":{"start":{"line":24,"column":13},"end":{"line":24,"column":14}},"loc":{"start":{"line":24,"column":25},"end":{"line":26,"column":9}},"line":24},"6":{"name":"(anonymous_6)","decl":{"start":{"line":27,"column":13},"end":{"line":27,"column":14}},"loc":{"start":{"line":27,"column":30},"end":{"line":29,"column":9}},"line":27},"7":{"name":"(anonymous_7)","decl":{"start":{"line":34,"column":13},"end":{"line":34,"column":14}},"loc":{"start":{"line":34,"column":25},"end":{"line":36,"column":9}},"line":34},"8":{"name":"(anonymous_8)","decl":{"start":{"line":37,"column":13},"end":{"line":37,"column":14}},"loc":{"start":{"line":37,"column":30},"end":{"line":39,"column":9}},"line":37},"9":{"name":"(anonymous_9)","decl":{"start":{"line":44,"column":13},"end":{"line":44,"column":14}},"loc":{"start":{"line":44,"column":25},"end":{"line":46,"column":9}},"line":44},"10":{"name":"(anonymous_10)","decl":{"start":{"line":47,"column":13},"end":{"line":47,"column":14}},"loc":{"start":{"line":47,"column":30},"end":{"line":49,"column":9}},"line":47}},"branchMap":{"0":{"loc":{"start":{"line":2,"column":17},"end":{"line":7,"column":1}},"type":"binary-expr","locations":[{"start":{"line":2,"column":18},"end":{"line":2,"column":22}},{"start":{"line":2,"column":26},"end":{"line":2,"column":41}},{"start":{"line":2,"column":46},"end":{"line":7,"column":1}}],"line":2},"1":{"loc":{"start":{"line":3,"column":34},"end":{"line":3,"column":125}},"type":"cond-expr","locations":[{"start":{"line":3,"column":42},"end":{"line":3,"column":48}},{"start":{"line":3,"column":51},"end":{"line":3,"column":125}}],"line":3},"2":{"loc":{"start":{"line":3,"column":51},"end":{"line":3,"column":125}},"type":"cond-expr","locations":[{"start":{"line":3,"column":67},"end":{"line":3,"column":118}},{"start":{"line":3,"column":121},"end":{"line":3,"column":125}}],"line":3},"3":{"loc":{"start":{"line":4,"column":4},"end":{"line":5,"column":150}},"type":"if","locations":[{"start":{"line":4,"column":4},"end":{"line":5,"column":150}},{"start":{"line":4,"column":4},"end":{"line":5,"column":150}}],"line":4},"4":{"loc":{"start":{"line":4,"column":8},"end":{"line":4,"column":77}},"type":"binary-expr","locations":[{"start":{"line":4,"column":8},"end":{"line":4,"column":35}},{"start":{"line":4,"column":39},"end":{"line":4,"column":77}}],"line":4},"5":{"loc":{"start":{"line":5,"column":58},"end":{"line":5,"column":150}},"type":"if","locations":[{"start":{"line":5,"column":58},"end":{"line":5,"column":150}},{"start":{"line":5,"column":58},"end":{"line":5,"column":150}}],"line":5},"6":{"loc":{"start":{"line":5,"column":85},"end":{"line":5,"column":149}},"type":"binary-expr","locations":[{"start":{"line":5,"column":86},"end":{"line":5,"column":143}},{"start":{"line":5,"column":148},"end":{"line":5,"column":149}}],"line":5},"7":{"loc":{"start":{"line":5,"column":86},"end":{"line":5,"column":143}},"type":"cond-expr","locations":[{"start":{"line":5,"column":94},"end":{"line":5,"column":98}},{"start":{"line":5,"column":101},"end":{"line":5,"column":143}}],"line":5},"8":{"loc":{"start":{"line":5,"column":101},"end":{"line":5,"column":143}},"type":"cond-expr","locations":[{"start":{"line":5,"column":109},"end":{"line":5,"column":126}},{"start":{"line":5,"column":129},"end":{"line":5,"column":143}}],"line":5},"9":{"loc":{"start":{"line":6,"column":11},"end":{"line":6,"column":62}},"type":"binary-expr","locations":[{"start":{"line":6,"column":11},"end":{"line":6,"column":16}},{"start":{"line":6,"column":20},"end":{"line":6,"column":21}},{"start":{"line":6,"column":25},"end":{"line":6,"column":62}}],"line":6},"10":{"loc":{"start":{"line":8,"column":17},"end":{"line":10,"column":1}},"type":"binary-expr","locations":[{"start":{"line":8,"column":18},"end":{"line":8,"column":22}},{"start":{"line":8,"column":26},"end":{"line":8,"column":41}},{"start":{"line":8,"column":46},"end":{"line":10,"column":1}}],"line":8},"11":{"loc":{"start":{"line":9,"column":4},"end":{"line":9,"column":109}},"type":"if","locations":[{"start":{"line":9,"column":4},"end":{"line":9,"column":109}},{"start":{"line":9,"column":4},"end":{"line":9,"column":109}}],"line":9},"12":{"loc":{"start":{"line":9,"column":8},"end":{"line":9,"column":77}},"type":"binary-expr","locations":[{"start":{"line":9,"column":8},"end":{"line":9,"column":35}},{"start":{"line":9,"column":39},"end":{"line":9,"column":77}}],"line":9}},"s":{"0":1,"1":5,"2":5,"3":5,"4":0,"5":5,"6":10,"7":5,"8":5,"9":1,"10":5,"11":0,"12":1,"13":1,"14":1,"15":1,"16":0,"17":1,"18":0,"19":1,"20":1,"21":0,"22":0,"23":1,"24":0,"25":0,"26":1,"27":1,"28":1,"29":1,"30":1,"31":1,"32":1},"f":{"0":5,"1":5,"2":1,"3":1,"4":0,"5":0,"6":1,"7":0,"8":0,"9":0,"10":0},"b":{"0":[1,1,1],"1":[1,4],"2":[0,4],"3":[0,5],"4":[5,5],"5":[5,5],"6":[5,5],"7":[1,4],"8":[4,0],"9":[5,4,0],"10":[1,1,1],"11":[0,5],"12":[5,5]},"_coverageSchema":"332fd63041d2c1bcb487cc26dd0d5f7d97098a6c","hash":"dcb9e1eeeea0a103efba38efb7b5fa23da655155"}
,"/Users/jeremycollins/Projects/TS-mysql-server/dist/server/database/src/Infrastructure/Lib/ApplicationCore.js": {"path":"/Users/jeremycollins/Projects/TS-mysql-server/dist/server/database/src/Infrastructure/Lib/ApplicationCore.js","statementMap":{"0":{"start":{"line":2,"column":0},"end":{"line":2,"column":62}},"1":{"start":{"line":3,"column":0},"end":{"line":3,"column":28}},"2":{"start":{"line":4,"column":19},"end":{"line":4,"column":54}},"3":{"start":{"line":5,"column":17},"end":{"line":5,"column":48}},"4":{"start":{"line":6,"column":37},"end":{"line":30,"column":3}},"5":{"start":{"line":9,"column":4},"end":{"line":11,"column":6}},"6":{"start":{"line":10,"column":8},"end":{"line":10,"column":48}},"7":{"start":{"line":12,"column":4},"end":{"line":14,"column":6}},"8":{"start":{"line":13,"column":8},"end":{"line":13,"column":44}},"9":{"start":{"line":15,"column":4},"end":{"line":21,"column":7}},"10":{"start":{"line":17,"column":12},"end":{"line":17,"column":49}},"11":{"start":{"line":22,"column":4},"end":{"line":28,"column":7}},"12":{"start":{"line":24,"column":12},"end":{"line":24,"column":45}},"13":{"start":{"line":29,"column":4},"end":{"line":29,"column":27}},"14":{"start":{"line":31,"column":0},"end":{"line":31,"column":42}}},"fnMap":{"0":{"name":"(anonymous_0)","decl":{"start":{"line":6,"column":37},"end":{"line":6,"column":38}},"loc":{"start":{"line":6,"column":49},"end":{"line":30,"column":1}},"line":6},"1":{"name":"ApplicationCore","decl":{"start":{"line":7,"column":13},"end":{"line":7,"column":28}},"loc":{"start":{"line":7,"column":31},"end":{"line":8,"column":5}},"line":7},"2":{"name":"(anonymous_2)","decl":{"start":{"line":9,"column":48},"end":{"line":9,"column":49}},"loc":{"start":{"line":9,"column":67},"end":{"line":11,"column":5}},"line":9},"3":{"name":"(anonymous_3)","decl":{"start":{"line":12,"column":46},"end":{"line":12,"column":47}},"loc":{"start":{"line":12,"column":63},"end":{"line":14,"column":5}},"line":12},"4":{"name":"(anonymous_4)","decl":{"start":{"line":16,"column":13},"end":{"line":16,"column":14}},"loc":{"start":{"line":16,"column":25},"end":{"line":18,"column":9}},"line":16},"5":{"name":"(anonymous_5)","decl":{"start":{"line":23,"column":13},"end":{"line":23,"column":14}},"loc":{"start":{"line":23,"column":25},"end":{"line":25,"column":9}},"line":23}},"branchMap":{},"s":{"0":1,"1":1,"2":1,"3":1,"4":1,"5":1,"6":1,"7":1,"8":0,"9":1,"10":1,"11":1,"12":0,"13":1,"14":1},"f":{"0":1,"1":1,"2":1,"3":0,"4":1,"5":0},"b":{},"_coverageSchema":"332fd63041d2c1bcb487cc26dd0d5f7d97098a6c","hash":"a591e154703f89571633c3355591cfb5570dc80d"}
,"/Users/jeremycollins/Projects/TS-mysql-server/dist/server/database/src/Infrastructure/Lib/Bus/Command/CommandBus.js": {"path":"/Users/jeremycollins/Projects/TS-mysql-server/dist/server/database/src/Infrastructure/Lib/Bus/Command/CommandBus.js","statementMap":{"0":{"start":{"line":2,"column":0},"end":{"line":2,"column":62}},"1":{"start":{"line":3,"column":32},"end":{"line":11,"column":3}},"2":{"start":{"line":6,"column":4},"end":{"line":9,"column":6}},"3":{"start":{"line":7,"column":22},"end":{"line":7,"column":48}},"4":{"start":{"line":8,"column":8},"end":{"line":8,"column":33}},"5":{"start":{"line":10,"column":4},"end":{"line":10,"column":22}},"6":{"start":{"line":12,"column":0},"end":{"line":12,"column":32}}},"fnMap":{"0":{"name":"(anonymous_0)","decl":{"start":{"line":3,"column":32},"end":{"line":3,"column":33}},"loc":{"start":{"line":3,"column":44},"end":{"line":11,"column":1}},"line":3},"1":{"name":"CommandBus","decl":{"start":{"line":4,"column":13},"end":{"line":4,"column":23}},"loc":{"start":{"line":4,"column":26},"end":{"line":5,"column":5}},"line":4},"2":{"name":"(anonymous_2)","decl":{"start":{"line":6,"column":35},"end":{"line":6,"column":36}},"loc":{"start":{"line":6,"column":54},"end":{"line":9,"column":5}},"line":6}},"branchMap":{},"s":{"0":1,"1":1,"2":1,"3":1,"4":1,"5":1,"6":1},"f":{"0":1,"1":1,"2":1},"b":{},"_coverageSchema":"332fd63041d2c1bcb487cc26dd0d5f7d97098a6c","hash":"b9cd9b9bbbded51885c73d0bde8610795fe4fd9e"}
,"/Users/jeremycollins/Projects/TS-mysql-server/dist/server/database/src/Infrastructure/Lib/Bus/Query/QueryBus.js": {"path":"/Users/jeremycollins/Projects/TS-mysql-server/dist/server/database/src/Infrastructure/Lib/Bus/Query/QueryBus.js","statementMap":{"0":{"start":{"line":2,"column":0},"end":{"line":2,"column":62}},"1":{"start":{"line":3,"column":30},"end":{"line":11,"column":3}},"2":{"start":{"line":6,"column":4},"end":{"line":9,"column":6}},"3":{"start":{"line":7,"column":22},"end":{"line":7,"column":46}},"4":{"start":{"line":8,"column":8},"end":{"line":8,"column":26}},"5":{"start":{"line":10,"column":4},"end":{"line":10,"column":20}},"6":{"start":{"line":12,"column":0},"end":{"line":12,"column":28}}},"fnMap":{"0":{"name":"(anonymous_0)","decl":{"start":{"line":3,"column":30},"end":{"line":3,"column":31}},"loc":{"start":{"line":3,"column":42},"end":{"line":11,"column":1}},"line":3},"1":{"name":"QueryBus","decl":{"start":{"line":4,"column":13},"end":{"line":4,"column":21}},"loc":{"start":{"line":4,"column":24},"end":{"line":5,"column":5}},"line":4},"2":{"name":"(anonymous_2)","decl":{"start":{"line":6,"column":33},"end":{"line":6,"column":34}},"loc":{"start":{"line":6,"column":50},"end":{"line":9,"column":5}},"line":6}},"branchMap":{},"s":{"0":1,"1":1,"2":1,"3":0,"4":0,"5":1,"6":1},"f":{"0":1,"1":0,"2":0},"b":{},"_coverageSchema":"332fd63041d2c1bcb487cc26dd0d5f7d97098a6c","hash":"f926045c0b25adf746134644a6ec3ab1a5f56744"}
,"/Users/jeremycollins/Projects/TS-mysql-server/dist/server/database/src/Infrastructure/Repository/UserRepository.js": {"path":"/Users/jeremycollins/Projects/TS-mysql-server/dist/server/database/src/Infrastructure/Repository/UserRepository.js","statementMap":{"0":{"start":{"line":2,"column":17},"end":{"line":7,"column":1}},"1":{"start":{"line":3,"column":12},"end":{"line":3,"column":28}},"2":{"start":{"line":3,"column":34},"end":{"line":3,"column":125}},"3":{"start":{"line":4,"column":4},"end":{"line":5,"column":150}},"4":{"start":{"line":4,"column":79},"end":{"line":4,"column":131}},"5":{"start":{"line":5,"column":9},"end":{"line":5,"column":150}},"6":{"start":{"line":5,"column":58},"end":{"line":5,"column":150}},"7":{"start":{"line":5,"column":81},"end":{"line":5,"column":150}},"8":{"start":{"line":6,"column":4},"end":{"line":6,"column":66}},"9":{"start":{"line":8,"column":0},"end":{"line":8,"column":62}},"10":{"start":{"line":9,"column":16},"end":{"line":9,"column":34}},"11":{"start":{"line":10,"column":13},"end":{"line":10,"column":51}},"12":{"start":{"line":11,"column":0},"end":{"line":11,"column":28}},"13":{"start":{"line":12,"column":15},"end":{"line":12,"column":32}},"14":{"start":{"line":13,"column":36},"end":{"line":38,"column":3}},"15":{"start":{"line":16,"column":4},"end":{"line":18,"column":6}},"16":{"start":{"line":17,"column":8},"end":{"line":17,"column":60}},"17":{"start":{"line":19,"column":4},"end":{"line":29,"column":6}},"18":{"start":{"line":20,"column":22},"end":{"line":20,"column":24}},"19":{"start":{"line":21,"column":8},"end":{"line":26,"column":9}},"20":{"start":{"line":22,"column":12},"end":{"line":22,"column":25}},"21":{"start":{"line":25,"column":12},"end":{"line":25,"column":29}},"22":{"start":{"line":27,"column":8},"end":{"line":27,"column":87}},"23":{"start":{"line":28,"column":8},"end":{"line":28,"column":81}},"24":{"start":{"line":30,"column":4},"end":{"line":33,"column":6}},"25":{"start":{"line":34,"column":4},"end":{"line":36,"column":23}},"26":{"start":{"line":37,"column":4},"end":{"line":37,"column":26}},"27":{"start":{"line":39,"column":0},"end":{"line":39,"column":40}}},"fnMap":{"0":{"name":"(anonymous_0)","decl":{"start":{"line":2,"column":46},"end":{"line":2,"column":47}},"loc":{"start":{"line":2,"column":87},"end":{"line":7,"column":1}},"line":2},"1":{"name":"(anonymous_1)","decl":{"start":{"line":13,"column":36},"end":{"line":13,"column":37}},"loc":{"start":{"line":13,"column":48},"end":{"line":38,"column":1}},"line":13},"2":{"name":"UserRepository","decl":{"start":{"line":14,"column":13},"end":{"line":14,"column":27}},"loc":{"start":{"line":14,"column":30},"end":{"line":15,"column":5}},"line":14},"3":{"name":"(anonymous_3)","decl":{"start":{"line":16,"column":42},"end":{"line":16,"column":43}},"loc":{"start":{"line":16,"column":58},"end":{"line":18,"column":5}},"line":16},"4":{"name":"(anonymous_4)","decl":{"start":{"line":19,"column":39},"end":{"line":19,"column":40}},"loc":{"start":{"line":19,"column":53},"end":{"line":29,"column":5}},"line":19},"5":{"name":"(anonymous_5)","decl":{"start":{"line":30,"column":42},"end":{"line":30,"column":43}},"loc":{"start":{"line":30,"column":59},"end":{"line":33,"column":5}},"line":30}},"branchMap":{"0":{"loc":{"start":{"line":2,"column":17},"end":{"line":7,"column":1}},"type":"binary-expr","locations":[{"start":{"line":2,"column":18},"end":{"line":2,"column":22}},{"start":{"line":2,"column":26},"end":{"line":2,"column":41}},{"start":{"line":2,"column":46},"end":{"line":7,"column":1}}],"line":2},"1":{"loc":{"start":{"line":3,"column":34},"end":{"line":3,"column":125}},"type":"cond-expr","locations":[{"start":{"line":3,"column":42},"end":{"line":3,"column":48}},{"start":{"line":3,"column":51},"end":{"line":3,"column":125}}],"line":3},"2":{"loc":{"start":{"line":3,"column":51},"end":{"line":3,"column":125}},"type":"cond-expr","locations":[{"start":{"line":3,"column":67},"end":{"line":3,"column":118}},{"start":{"line":3,"column":121},"end":{"line":3,"column":125}}],"line":3},"3":{"loc":{"start":{"line":4,"column":4},"end":{"line":5,"column":150}},"type":"if","locations":[{"start":{"line":4,"column":4},"end":{"line":5,"column":150}},{"start":{"line":4,"column":4},"end":{"line":5,"column":150}}],"line":4},"4":{"loc":{"start":{"line":4,"column":8},"end":{"line":4,"column":77}},"type":"binary-expr","locations":[{"start":{"line":4,"column":8},"end":{"line":4,"column":35}},{"start":{"line":4,"column":39},"end":{"line":4,"column":77}}],"line":4},"5":{"loc":{"start":{"line":5,"column":58},"end":{"line":5,"column":150}},"type":"if","locations":[{"start":{"line":5,"column":58},"end":{"line":5,"column":150}},{"start":{"line":5,"column":58},"end":{"line":5,"column":150}}],"line":5},"6":{"loc":{"start":{"line":5,"column":85},"end":{"line":5,"column":149}},"type":"binary-expr","locations":[{"start":{"line":5,"column":86},"end":{"line":5,"column":143}},{"start":{"line":5,"column":148},"end":{"line":5,"column":149}}],"line":5},"7":{"loc":{"start":{"line":5,"column":86},"end":{"line":5,"column":143}},"type":"cond-expr","locations":[{"start":{"line":5,"column":94},"end":{"line":5,"column":98}},{"start":{"line":5,"column":101},"end":{"line":5,"column":143}}],"line":5},"8":{"loc":{"start":{"line":5,"column":101},"end":{"line":5,"column":143}},"type":"cond-expr","locations":[{"start":{"line":5,"column":109},"end":{"line":5,"column":126}},{"start":{"line":5,"column":129},"end":{"line":5,"column":143}}],"line":5},"9":{"loc":{"start":{"line":6,"column":11},"end":{"line":6,"column":62}},"type":"binary-expr","locations":[{"start":{"line":6,"column":11},"end":{"line":6,"column":16}},{"start":{"line":6,"column":20},"end":{"line":6,"column":21}},{"start":{"line":6,"column":25},"end":{"line":6,"column":62}}],"line":6},"10":{"loc":{"start":{"line":21,"column":8},"end":{"line":26,"column":9}},"type":"if","locations":[{"start":{"line":21,"column":8},"end":{"line":26,"column":9}},{"start":{"line":21,"column":8},"end":{"line":26,"column":9}}],"line":21}},"s":{"0":1,"1":1,"2":1,"3":1,"4":1,"5":0,"6":0,"7":0,"8":1,"9":1,"10":1,"11":1,"12":1,"13":1,"14":1,"15":1,"16":1,"17":1,"18":0,"19":0,"20":0,"21":0,"22":0,"23":0,"24":1,"25":1,"26":1,"27":1},"f":{"0":1,"1":1,"2":1,"3":1,"4":0,"5":0},"b":{"0":[1,1,1],"1":[1,0],"2":[0,0],"3":[1,0],"4":[1,1],"5":[0,0],"6":[0,0],"7":[0,0],"8":[0,0],"9":[1,0,0],"10":[0,0]},"_coverageSchema":"332fd63041d2c1bcb487cc26dd0d5f7d97098a6c","hash":"b249a6b11456f114ba6d6f4ca4c36ce46bc9208c"}
,"/Users/jeremycollins/Projects/TS-mysql-server/src/database/src/Action/User/CreateUser.ts": {"path":"/Users/jeremycollins/Projects/TS-mysql-server/src/database/src/Action/User/CreateUser.ts","statementMap":{"0":{"start":{"line":1,"column":0},"end":{"line":1,"column":78}},"1":{"start":{"line":5,"column":0},"end":{"line":5,"column":50}},"2":{"start":{"line":7,"column":0},"end":{"line":35,"column":0}},"3":{"start":{"line":10,"column":22},"end":{"line":10,"column":50}},"4":{"start":{"line":12,"column":4},"end":{"line":12,"column":28}},"5":{"start":{"line":13,"column":4},"end":{"line":13,"column":25}},"6":{"start":{"line":16,"column":2},"end":{"line":18,"column":3}},"7":{"start":{"line":17,"column":4},"end":{"line":17,"column":22}},"8":{"start":{"line":27,"column":10},"end":{"line":30,"column":3}},"9":{"start":{"line":28,"column":4},"end":{"line":28,"column":28}},"10":{"start":{"line":29,"column":4},"end":{"line":29,"column":29}},"11":{"start":{"line":32,"column":2},"end":{"line":34,"column":3}},"12":{"start":{"line":33,"column":4},"end":{"line":33,"column":39}},"13":{"start":{"line":35,"column":0},"end":{"line":35,"column":1}},"14":{"start":{"line":7,"column":13},"end":{"line":7,"column":23}}},"fnMap":{"0":{"name":"(anonymous_0)","decl":{"start":{"line":7,"column":0},"end":{"line":null,"column":-1}},"loc":{"start":{"line":7,"column":0},"end":{"line":7,"column":-1}}},"1":{"name":"CreateUser","decl":{"start":{"line":10,"column":2},"end":{"line":10,"column":21}},"loc":{"start":{"line":10,"column":50},"end":{"line":14,"column":3}}},"2":{"name":"(anonymous_2)","decl":{"start":{"line":16,"column":2},"end":{"line":null,"column":-1}},"loc":{"start":{"line":16,"column":2},"end":{"line":18,"column":3}}},"3":{"name":"(anonymous_3)","decl":{"start":{"line":27,"column":2},"end":{"line":27,"column":18}},"loc":{"start":{"line":27,"column":32},"end":{"line":30,"column":3}}},"4":{"name":"(anonymous_4)","decl":{"start":{"line":32,"column":2},"end":{"line":null,"column":-1}},"loc":{"start":{"line":32,"column":2},"end":{"line":34,"column":3}}}},"branchMap":{"0":{"loc":{"start":{"line":10,"column":22},"end":{"line":10,"column":50}},"type":"if","locations":[{"start":{"line":10,"column":22},"end":{"line":10,"column":50}},{"start":{"line":10,"column":22},"end":{"line":10,"column":50}}]}},"s":{"0":1,"1":1,"2":1,"3":2,"4":1,"5":1,"6":1,"7":1,"8":1,"9":1,"10":1,"11":1,"12":1,"13":1,"14":1},"f":{"0":1,"1":1,"2":1,"3":1,"4":1},"b":{"0":[0,1]}}
,"/Users/jeremycollins/Projects/TS-mysql-server/src/database/src/ActionHandler/User/CreateUserHandler.ts": {"path":"/Users/jeremycollins/Projects/TS-mysql-server/src/database/src/ActionHandler/User/CreateUserHandler.ts","statementMap":{"0":{"start":{"line":3,"column":0},"end":{"line":3,"column":57}},"1":{"start":{"line":4,"column":0},"end":{"line":4,"column":79}},"2":{"start":{"line":5,"column":0},"end":{"line":5,"column":46}},"3":{"start":{"line":6,"column":0},"end":{"line":6,"column":26}},"4":{"start":{"line":7,"column":0},"end":{"line":7,"column":41}},"5":{"start":{"line":12,"column":0},"end":{"line":21,"column":0}},"6":{"start":{"line":15,"column":22},"end":{"line":15,"column":41}},"7":{"start":{"line":13,"column":10},"end":{"line":13,"column":57}},"8":{"start":{"line":17,"column":8},"end":{"line":20,"column":3}},"9":{"start":{"line":18,"column":4},"end":{"line":18,"column":30}},"10":{"start":{"line":19,"column":4},"end":{"line":19,"column":61}},"11":{"start":{"line":12,"column":13},"end":{"line":21,"column":1}},"12":{"start":{"line":21,"column":0},"end":{"line":21,"column":1}},"13":{"start":{"line":12,"column":13},"end":{"line":12,"column":30}}},"fnMap":{"0":{"name":"(anonymous_14)","decl":{"start":{"line":12,"column":0},"end":{"line":null,"column":-1}},"loc":{"start":{"line":12,"column":0},"end":{"line":12,"column":-1}}},"1":{"name":"CreateUserHandler","decl":{"start":{"line":15,"column":2},"end":{"line":15,"column":21}},"loc":{"start":{"line":15,"column":41},"end":{"line":15,"column":45}}},"2":{"name":"(anonymous_16)","decl":{"start":{"line":17,"column":2},"end":{"line":null,"column":-1}},"loc":{"start":{"line":17,"column":2},"end":{"line":20,"column":3}}}},"branchMap":{"0":{"loc":{"start":{"line":15,"column":41},"end":{"line":null,"column":-1}},"type":"binary-expr","locations":[{"start":{"line":15,"column":41},"end":{"line":null,"column":-1}},{"start":{"line":15,"column":41},"end":{"line":null,"column":-1}}]},"1":{"loc":{"start":{"line":15,"column":31},"end":{"line":15,"column":41}},"type":"binary-expr","locations":[{"start":{"line":15,"column":31},"end":{"line":15,"column":41}}]}},"s":{"0":1,"1":1,"2":1,"3":1,"4":1,"5":1,"6":1,"7":1,"8":1,"9":1,"10":1,"11":1,"12":1,"13":1},"f":{"0":1,"1":1,"2":1},"b":{"0":[0,1],"1":[0]}}
,"/Users/jeremycollins/Projects/TS-mysql-server/src/database/src/DomainModel/User/User.ts": {"path":"/Users/jeremycollins/Projects/TS-mysql-server/src/database/src/DomainModel/User/User.ts","statementMap":{"0":{"start":{"line":1,"column":0},"end":{"line":1,"column":79}},"1":{"start":{"line":6,"column":0},"end":{"line":56,"column":0}},"2":{"start":{"line":22,"column":2},"end":{"line":24,"column":3}},"3":{"start":{"line":23,"column":4},"end":{"line":23,"column":20}},"4":{"start":{"line":26,"column":2},"end":{"line":28,"column":3}},"5":{"start":{"line":27,"column":4},"end":{"line":27,"column":23}},"6":{"start":{"line":31,"column":4},"end":{"line":31,"column":24}},"7":{"start":{"line":34,"column":2},"end":{"line":36,"column":3}},"8":{"start":{"line":35,"column":4},"end":{"line":35,"column":27}},"9":{"start":{"line":39,"column":4},"end":{"line":39,"column":28}},"10":{"start":{"line":42,"column":2},"end":{"line":44,"column":3}},"11":{"start":{"line":43,"column":4},"end":{"line":43,"column":26}},"12":{"start":{"line":47,"column":4},"end":{"line":47,"column":27}},"13":{"start":{"line":8,"column":2},"end":{"line":8,"column":19}},"14":{"start":{"line":11,"column":2},"end":{"line":11,"column":25}},"15":{"start":{"line":14,"column":2},"end":{"line":14,"column":36}},"16":{"start":{"line":17,"column":2},"end":{"line":17,"column":35}},"17":{"start":{"line":6,"column":13},"end":{"line":56,"column":1}},"18":{"start":{"line":56,"column":0},"end":{"line":56,"column":1}},"19":{"start":{"line":6,"column":13},"end":{"line":6,"column":17}}},"fnMap":{"0":{"name":"(anonymous_2)","decl":{"start":{"line":6,"column":0},"end":{"line":null,"column":-1}},"loc":{"start":{"line":6,"column":0},"end":{"line":6,"column":-1}}},"1":{"name":"User","decl":{"start":{"line":19,"column":2},"end":{"line":null,"column":-1}},"loc":{"start":{"line":19,"column":2},"end":{"line":20,"column":3}}},"2":{"name":"(anonymous_4)","decl":{"start":{"line":22,"column":2},"end":{"line":null,"column":-1}},"loc":{"start":{"line":22,"column":2},"end":{"line":24,"column":3}}},"3":{"name":"(anonymous_5)","decl":{"start":{"line":26,"column":2},"end":{"line":null,"column":-1}},"loc":{"start":{"line":26,"column":2},"end":{"line":28,"column":3}}},"4":{"name":"(anonymous_6)","decl":{"start":{"line":30,"column":2},"end":{"line":30,"column":11}},"loc":{"start":{"line":30,"column":25},"end":{"line":32,"column":3}}},"5":{"name":"(anonymous_7)","decl":{"start":{"line":34,"column":2},"end":{"line":null,"column":-1}},"loc":{"start":{"line":34,"column":2},"end":{"line":36,"column":3}}},"6":{"name":"(anonymous_8)","decl":{"start":{"line":38,"column":2},"end":{"line":38,"column":15}},"loc":{"start":{"line":38,"column":36},"end":{"line":40,"column":3}}},"7":{"name":"(anonymous_9)","decl":{"start":{"line":42,"column":2},"end":{"line":null,"column":-1}},"loc":{"start":{"line":42,"column":2},"end":{"line":44,"column":3}}},"8":{"name":"(anonymous_10)","decl":{"start":{"line":46,"column":2},"end":{"line":46,"column":14}},"loc":{"start":{"line":46,"column":35},"end":{"line":48,"column":3}}}},"branchMap":{},"s":{"0":1,"1":1,"2":1,"3":0,"4":1,"5":0,"6":1,"7":1,"8":0,"9":0,"10":1,"11":0,"12":0,"13":1,"14":1,"15":1,"16":1,"17":1,"18":1,"19":1},"f":{"0":1,"1":1,"2":0,"3":0,"4":1,"5":0,"6":0,"7":0,"8":0},"b":{}}
,"/Users/jeremycollins/Projects/TS-mysql-server/src/database/src/Infrastructure/Lib/ApplicationCore.ts": {"path":"/Users/jeremycollins/Projects/TS-mysql-server/src/database/src/Infrastructure/Lib/ApplicationCore.ts","statementMap":{"0":{"start":{"line":1,"column":0},"end":{"line":1,"column":26}},"1":{"start":{"line":5,"column":0},"end":{"line":5,"column":66}},"2":{"start":{"line":6,"column":0},"end":{"line":6,"column":58}},"3":{"start":{"line":8,"column":0},"end":{"line":26,"column":0}},"4":{"start":{"line":11,"column":9},"end":{"line":13,"column":3}},"5":{"start":{"line":12,"column":4},"end":{"line":12,"column":44}},"6":{"start":{"line":15,"column":9},"end":{"line":17,"column":3}},"7":{"start":{"line":16,"column":4},"end":{"line":16,"column":40}},"8":{"start":{"line":19,"column":2},"end":{"line":21,"column":3}},"9":{"start":{"line":20,"column":4},"end":{"line":20,"column":28}},"10":{"start":{"line":23,"column":2},"end":{"line":25,"column":3}},"11":{"start":{"line":24,"column":4},"end":{"line":24,"column":26}},"12":{"start":{"line":26,"column":0},"end":{"line":26,"column":1}},"13":{"start":{"line":8,"column":13},"end":{"line":8,"column":28}}},"fnMap":{"0":{"name":"(anonymous_0)","decl":{"start":{"line":8,"column":0},"end":{"line":null,"column":-1}},"loc":{"start":{"line":8,"column":0},"end":{"line":8,"column":-1}}},"1":{"name":"ApplicationCore","decl":{"start":{"line":9,"column":2},"end":{"line":null,"column":-1}},"loc":{"start":{"line":9,"column":2},"end":{"line":9,"column":18}}},"2":{"name":"(anonymous_2)","decl":{"start":{"line":11,"column":2},"end":{"line":11,"column":24}},"loc":{"start":{"line":11,"column":42},"end":{"line":13,"column":3}}},"3":{"name":"(anonymous_3)","decl":{"start":{"line":15,"column":2},"end":{"line":15,"column":22}},"loc":{"start":{"line":15,"column":36},"end":{"line":17,"column":3}}},"4":{"name":"(anonymous_4)","decl":{"start":{"line":19,"column":2},"end":{"line":null,"column":-1}},"loc":{"start":{"line":19,"column":2},"end":{"line":21,"column":3}}},"5":{"name":"(anonymous_5)","decl":{"start":{"line":23,"column":2},"end":{"line":null,"column":-1}},"loc":{"start":{"line":23,"column":2},"end":{"line":25,"column":3}}}},"branchMap":{},"s":{"0":1,"1":1,"2":1,"3":1,"4":1,"5":1,"6":1,"7":0,"8":1,"9":1,"10":1,"11":0,"12":1,"13":1},"f":{"0":1,"1":1,"2":1,"3":0,"4":1,"5":0},"b":{}}
,"/Users/jeremycollins/Projects/TS-mysql-server/src/database/src/Infrastructure/Lib/Bus/Command/CommandBus.ts": {"path":"/Users/jeremycollins/Projects/TS-mysql-server/src/database/src/Infrastructure/Lib/Bus/Command/CommandBus.ts","statementMap":{"0":{"start":{"line":8,"column":0},"end":{"line":14,"column":0}},"1":{"start":{"line":10,"column":2},"end":{"line":13,"column":3}},"2":{"start":{"line":11,"column":18},"end":{"line":11,"column":44}},"3":{"start":{"line":12,"column":4},"end":{"line":12,"column":29}},"4":{"start":{"line":14,"column":0},"end":{"line":14,"column":1}},"5":{"start":{"line":8,"column":13},"end":{"line":8,"column":23}}},"fnMap":{"0":{"name":"(anonymous_0)","decl":{"start":{"line":8,"column":0},"end":{"line":null,"column":-1}},"loc":{"start":{"line":8,"column":0},"end":{"line":8,"column":-1}}},"1":{"name":"(anonymous_2)","decl":{"start":{"line":10,"column":2},"end":{"line":10,"column":9}},"loc":{"start":{"line":10,"column":27},"end":{"line":13,"column":3}}}},"branchMap":{},"s":{"0":1,"1":1,"2":1,"3":1,"4":1,"5":1},"f":{"0":2,"1":1},"b":{}}
,"/Users/jeremycollins/Projects/TS-mysql-server/src/database/src/Infrastructure/Lib/Bus/Query/QueryBus.ts": {"path":"/Users/jeremycollins/Projects/TS-mysql-server/src/database/src/Infrastructure/Lib/Bus/Query/QueryBus.ts","statementMap":{"0":{"start":{"line":8,"column":0},"end":{"line":13,"column":0}},"1":{"start":{"line":9,"column":2},"end":{"line":12,"column":3}},"2":{"start":{"line":10,"column":18},"end":{"line":10,"column":42}},"3":{"start":{"line":11,"column":4},"end":{"line":11,"column":22}},"4":{"start":{"line":13,"column":0},"end":{"line":13,"column":1}},"5":{"start":{"line":8,"column":13},"end":{"line":8,"column":21}}},"fnMap":{"0":{"name":"(anonymous_0)","decl":{"start":{"line":8,"column":0},"end":{"line":null,"column":-1}},"loc":{"start":{"line":8,"column":0},"end":{"line":8,"column":-1}}},"1":{"name":"(anonymous_2)","decl":{"start":{"line":9,"column":2},"end":{"line":9,"column":9}},"loc":{"start":{"line":9,"column":23},"end":{"line":12,"column":3}}}},"branchMap":{},"s":{"0":1,"1":1,"2":0,"3":0,"4":1,"5":1},"f":{"0":1,"1":0},"b":{}}
,"/Users/jeremycollins/Projects/TS-mysql-server/src/database/src/Infrastructure/Repository/UserRepository.ts": {"path":"/Users/jeremycollins/Projects/TS-mysql-server/src/database/src/Infrastructure/Repository/UserRepository.ts","statementMap":{"0":{"start":{"line":1,"column":0},"end":{"line":1,"column":151}},"1":{"start":{"line":2,"column":0},"end":{"line":2,"column":50}},"2":{"start":{"line":3,"column":0},"end":{"line":3,"column":26}},"3":{"start":{"line":4,"column":0},"end":{"line":4,"column":43}},"4":{"start":{"line":13,"column":0},"end":{"line":35,"column":0}},"5":{"start":{"line":15,"column":9},"end":{"line":17,"column":3}},"6":{"start":{"line":16,"column":6},"end":{"line":16,"column":48}},"7":{"start":{"line":19,"column":9},"end":{"line":28,"column":3}},"8":{"start":{"line":20,"column":42},"end":{"line":20,"column":44}},"9":{"start":{"line":21,"column":4},"end":{"line":25,"column":5}},"10":{"start":{"line":22,"column":6},"end":{"line":22,"column":19}},"11":{"start":{"line":24,"column":6},"end":{"line":24,"column":23}},"12":{"start":{"line":26,"column":4},"end":{"line":26,"column":66}},"13":{"start":{"line":27,"column":4},"end":{"line":27,"column":60}},"14":{"start":{"line":30,"column":9},"end":{"line":33,"column":3}},"15":{"start":{"line":13,"column":13},"end":{"line":35,"column":1}},"16":{"start":{"line":35,"column":0},"end":{"line":35,"column":1}},"17":{"start":{"line":13,"column":13},"end":{"line":13,"column":27}}},"fnMap":{"0":{"name":"(anonymous_1)","decl":{"start":{"line":13,"column":0},"end":{"line":null,"column":-1}},"loc":{"start":{"line":13,"column":0},"end":{"line":13,"column":-1}}},"1":{"name":"(anonymous_3)","decl":{"start":{"line":15,"column":2},"end":{"line":15,"column":19}},"loc":{"start":{"line":15,"column":30},"end":{"line":17,"column":3}}},"2":{"name":"(anonymous_4)","decl":{"start":{"line":19,"column":2},"end":{"line":19,"column":16}},"loc":{"start":{"line":19,"column":43},"end":{"line":28,"column":3}}},"3":{"name":"(anonymous_5)","decl":{"start":{"line":30,"column":2},"end":{"line":30,"column":19}},"loc":{"start":{"line":30,"column":33},"end":{"line":33,"column":3}}}},"branchMap":{"0":{"loc":{"start":{"line":21,"column":4},"end":{"line":25,"column":5}},"type":"if","locations":[{"start":{"line":21,"column":4},"end":{"line":25,"column":5}},{"start":{"line":21,"column":4},"end":{"line":25,"column":5}}]}},"s":{"0":1,"1":1,"2":1,"3":1,"4":1,"5":1,"6":1,"7":1,"8":0,"9":0,"10":0,"11":0,"12":0,"13":0,"14":1,"15":1,"16":1,"17":1},"f":{"0":2,"1":1,"2":0,"3":0},"b":{"0":[0,0]}}
}
