TN:
SF:/Users/jeremycollins/Projects/TS-mysql-server/dist/server/database/src/Action/User/CreateUser.js
FN:5,(anonymous_0)
FN:6,CreateUser
FN:14,(anonymous_2)
FN:26,(anonymous_3)
FN:29,(anonymous_4)
FNF:5
FNH:5
FNDA:1,(anonymous_0)
FNDA:1,CreateUser
FNDA:1,(anonymous_2)
FNDA:1,(anonymous_3)
FNDA:1,(anonymous_4)
DA:2,1
DA:3,1
DA:4,1
DA:5,1
DA:7,1
DA:8,1
DA:10,1
DA:11,1
DA:13,1
DA:15,1
DA:26,1
DA:27,1
DA:29,1
DA:30,1
DA:32,1
DA:34,1
LF:16
LH:16
BRDA:7,0,0,0
BRDA:7,0,1,1
BRF:2
BRH:1
end_of_record
TN:
SF:/Users/jeremycollins/Projects/TS-mysql-server/dist/server/database/src/ActionHandler/User/CreateUserHandler.js
FN:2,(anonymous_0)
FN:8,(anonymous_1)
FN:11,(anonymous_2)
FN:12,(anonymous_3)
FN:13,fulfilled
FN:14,rejected
FN:15,step
FN:15,(anonymous_7)
FN:19,(anonymous_8)
FN:20,(anonymous_9)
FN:21,(anonymous_10)
FN:22,verb
FN:22,(anonymous_12)
FN:23,step
FN:53,(anonymous_14)
FN:54,CreateUserHandler
FN:58,(anonymous_16)
FN:59,(anonymous_17)
FN:60,(anonymous_18)
FNF:19
FNH:13
FNDA:1,(anonymous_0)
FNDA:1,(anonymous_1)
FNDA:1,(anonymous_2)
FNDA:1,(anonymous_3)
FNDA:0,fulfilled
FNDA:0,rejected
FNDA:0,step
FNDA:0,(anonymous_7)
FNDA:1,(anonymous_8)
FNDA:0,(anonymous_9)
FNDA:0,(anonymous_10)
FNDA:3,verb
FNDA:1,(anonymous_12)
FNDA:1,step
FNDA:1,(anonymous_14)
FNDA:1,CreateUserHandler
FNDA:1,(anonymous_16)
FNDA:1,(anonymous_17)
FNDA:1,(anonymous_18)
DA:2,1
DA:3,1
DA:4,1
DA:5,0
DA:6,1
DA:8,1
DA:9,1
DA:11,1
DA:12,1
DA:13,0
DA:14,0
DA:15,0
DA:16,1
DA:19,1
DA:20,1
DA:21,1
DA:22,3
DA:24,1
DA:25,2
DA:26,2
DA:27,2
DA:28,2
DA:29,1
DA:30,0
DA:31,0
DA:32,0
DA:34,1
DA:35,0
DA:36,0
DA:37,0
DA:38,0
DA:39,0
DA:41,1
DA:42,2
DA:43,1
DA:46,1
DA:47,1
DA:48,1
DA:49,1
DA:50,1
DA:51,1
DA:53,1
DA:55,1
DA:56,1
DA:58,1
DA:59,1
DA:60,1
DA:61,1
DA:62,1
DA:66,1
DA:70,1
DA:72,1
LF:52
LH:40
BRDA:2,0,0,1
BRDA:2,0,1,1
BRDA:2,0,2,1
BRDA:3,1,0,1
BRDA:3,1,1,0
BRDA:3,2,0,0
BRDA:3,2,1,0
BRDA:4,3,0,1
BRDA:4,3,1,0
BRDA:4,4,0,1
BRDA:4,4,1,1
BRDA:5,5,0,0
BRDA:5,5,1,0
BRDA:5,6,0,0
BRDA:5,6,1,0
BRDA:5,7,0,0
BRDA:5,7,1,0
BRDA:5,8,0,0
BRDA:5,8,1,0
BRDA:6,9,0,1
BRDA:6,9,1,0
BRDA:6,9,2,0
BRDA:8,10,0,1
BRDA:8,10,1,1
BRDA:8,10,2,1
BRDA:9,11,0,1
BRDA:9,11,1,0
BRDA:9,12,0,1
BRDA:9,12,1,1
BRDA:11,13,0,1
BRDA:11,13,1,1
BRDA:11,13,2,1
BRDA:12,14,0,1
BRDA:12,14,1,1
BRDA:15,15,0,0
BRDA:15,15,1,0
BRDA:16,16,0,1
BRDA:16,16,1,1
BRDA:19,17,0,1
BRDA:19,17,1,1
BRDA:19,17,2,1
BRDA:20,18,0,0
BRDA:20,18,1,0
BRDA:21,19,0,1
BRDA:21,19,1,1
BRDA:24,20,0,0
BRDA:24,20,1,1
BRDA:26,21,0,0
BRDA:26,21,1,2
BRDA:26,22,0,2
BRDA:26,22,1,0
BRDA:26,22,2,0
BRDA:26,23,0,0
BRDA:26,23,1,0
BRDA:26,24,0,0
BRDA:26,24,1,0
BRDA:27,25,0,0
BRDA:27,25,1,2
BRDA:28,26,0,1
BRDA:28,26,1,1
BRDA:28,26,2,0
BRDA:28,26,3,0
BRDA:28,26,4,0
BRDA:28,26,5,1
BRDA:34,27,0,1
BRDA:34,27,1,0
BRDA:34,28,0,1
BRDA:34,28,1,1
BRDA:34,28,2,0
BRDA:34,29,0,1
BRDA:34,29,1,0
BRDA:35,30,0,0
BRDA:35,30,1,0
BRDA:35,31,0,0
BRDA:35,31,1,0
BRDA:35,31,2,0
BRDA:35,31,3,0
BRDA:36,32,0,0
BRDA:36,32,1,0
BRDA:36,33,0,0
BRDA:36,33,1,0
BRDA:37,34,0,0
BRDA:37,34,1,0
BRDA:37,35,0,0
BRDA:37,35,1,0
BRDA:38,36,0,0
BRDA:38,36,1,0
BRDA:43,37,0,1
BRDA:43,37,1,0
BRDA:43,38,0,0
BRDA:43,38,1,0
BRF:91
BRH:38
end_of_record
TN:
SF:/Users/jeremycollins/Projects/TS-mysql-server/dist/server/database/src/DomainModel/User/User.js
FN:2,(anonymous_0)
FN:8,(anonymous_1)
FN:13,(anonymous_2)
FN:14,User
FN:17,(anonymous_4)
FN:24,(anonymous_5)
FN:27,(anonymous_6)
FN:34,(anonymous_7)
FN:37,(anonymous_8)
FN:44,(anonymous_9)
FN:47,(anonymous_10)
FNF:11
FNH:5
FNDA:5,(anonymous_0)
FNDA:5,(anonymous_1)
FNDA:1,(anonymous_2)
FNDA:1,User
FNDA:0,(anonymous_4)
FNDA:0,(anonymous_5)
FNDA:1,(anonymous_6)
FNDA:0,(anonymous_7)
FNDA:0,(anonymous_8)
FNDA:0,(anonymous_9)
FNDA:0,(anonymous_10)
DA:2,1
DA:3,5
DA:4,5
DA:5,10
DA:6,5
DA:8,1
DA:9,5
DA:11,1
DA:12,1
DA:13,1
DA:16,1
DA:18,0
DA:23,1
DA:25,0
DA:28,1
DA:33,1
DA:35,0
DA:38,0
DA:43,1
DA:45,0
DA:48,0
DA:53,1
DA:57,1
DA:61,1
DA:65,1
DA:69,1
DA:73,1
DA:75,1
LF:28
LH:22
BRDA:2,0,0,1
BRDA:2,0,1,1
BRDA:2,0,2,1
BRDA:3,1,0,1
BRDA:3,1,1,4
BRDA:3,2,0,0
BRDA:3,2,1,4
BRDA:4,3,0,0
BRDA:4,3,1,5
BRDA:4,4,0,5
BRDA:4,4,1,5
BRDA:5,5,0,5
BRDA:5,5,1,5
BRDA:5,6,0,5
BRDA:5,6,1,5
BRDA:5,7,0,1
BRDA:5,7,1,4
BRDA:5,8,0,4
BRDA:5,8,1,0
BRDA:6,9,0,5
BRDA:6,9,1,4
BRDA:6,9,2,0
BRDA:8,10,0,1
BRDA:8,10,1,1
BRDA:8,10,2,1
BRDA:9,11,0,0
BRDA:9,11,1,5
BRDA:9,12,0,5
BRDA:9,12,1,5
BRF:29
BRH:24
end_of_record
TN:
SF:/Users/jeremycollins/Projects/TS-mysql-server/dist/server/database/src/Infrastructure/Lib/ApplicationCore.js
FN:6,(anonymous_0)
FN:7,ApplicationCore
FN:9,(anonymous_2)
FN:12,(anonymous_3)
FN:16,(anonymous_4)
FN:23,(anonymous_5)
FNF:6
FNH:4
FNDA:1,(anonymous_0)
FNDA:1,ApplicationCore
FNDA:1,(anonymous_2)
FNDA:0,(anonymous_3)
FNDA:1,(anonymous_4)
FNDA:0,(anonymous_5)
DA:2,1
DA:3,1
DA:4,1
DA:5,1
DA:6,1
DA:9,1
DA:10,1
DA:12,1
DA:13,0
DA:15,1
DA:17,1
DA:22,1
DA:24,0
DA:29,1
DA:31,1
LF:15
LH:13
BRF:0
BRH:0
end_of_record
TN:
SF:/Users/jeremycollins/Projects/TS-mysql-server/dist/server/database/src/Infrastructure/Lib/Bus/Command/CommandBus.js
FN:3,(anonymous_0)
FN:4,CommandBus
FN:6,(anonymous_2)
FNF:3
FNH:3
FNDA:1,(anonymous_0)
FNDA:1,CommandBus
FNDA:1,(anonymous_2)
DA:2,1
DA:3,1
DA:6,1
DA:7,1
DA:8,1
DA:10,1
DA:12,1
LF:7
LH:7
BRF:0
BRH:0
end_of_record
TN:
SF:/Users/jeremycollins/Projects/TS-mysql-server/dist/server/database/src/Infrastructure/Lib/Bus/Query/QueryBus.js
FN:3,(anonymous_0)
FN:4,QueryBus
FN:6,(anonymous_2)
FNF:3
FNH:1
FNDA:1,(anonymous_0)
FNDA:0,QueryBus
FNDA:0,(anonymous_2)
DA:2,1
DA:3,1
DA:6,1
DA:7,0
DA:8,0
DA:10,1
DA:12,1
LF:7
LH:5
BRF:0
BRH:0
end_of_record
TN:
SF:/Users/jeremycollins/Projects/TS-mysql-server/dist/server/database/src/Infrastructure/Repository/UserRepository.js
FN:2,(anonymous_0)
FN:13,(anonymous_1)
FN:14,UserRepository
FN:16,(anonymous_3)
FN:19,(anonymous_4)
FN:30,(anonymous_5)
FNF:6
FNH:4
FNDA:1,(anonymous_0)
FNDA:1,(anonymous_1)
FNDA:1,UserRepository
FNDA:1,(anonymous_3)
FNDA:0,(anonymous_4)
FNDA:0,(anonymous_5)
DA:2,1
DA:3,1
DA:4,1
DA:5,0
DA:6,1
DA:8,1
DA:9,1
DA:10,1
DA:11,1
DA:12,1
DA:13,1
DA:16,1
DA:17,1
DA:19,1
DA:20,0
DA:21,0
DA:22,0
DA:25,0
DA:27,0
DA:28,0
DA:30,1
DA:34,1
DA:37,1
DA:39,1
LF:24
LH:17
BRDA:2,0,0,1
BRDA:2,0,1,1
BRDA:2,0,2,1
BRDA:3,1,0,1
BRDA:3,1,1,0
BRDA:3,2,0,0
BRDA:3,2,1,0
BRDA:4,3,0,1
BRDA:4,3,1,0
BRDA:4,4,0,1
BRDA:4,4,1,1
BRDA:5,5,0,0
BRDA:5,5,1,0
BRDA:5,6,0,0
BRDA:5,6,1,0
BRDA:5,7,0,0
BRDA:5,7,1,0
BRDA:5,8,0,0
BRDA:5,8,1,0
BRDA:6,9,0,1
BRDA:6,9,1,0
BRDA:6,9,2,0
BRDA:21,10,0,0
BRDA:21,10,1,0
BRF:24
BRH:8
end_of_record
TN:
SF:/Users/jeremycollins/Projects/TS-mysql-server/src/database/src/Action/User/CreateUser.ts
FN:7,(anonymous_0)
FN:10,CreateUser
FN:16,(anonymous_2)
FN:27,(anonymous_3)
FN:32,(anonymous_4)
FNF:5
FNH:5
FNDA:1,(anonymous_0)
FNDA:1,CreateUser
FNDA:1,(anonymous_2)
FNDA:1,(anonymous_3)
FNDA:1,(anonymous_4)
DA:1,1
DA:5,1
DA:7,1
DA:10,2
DA:12,1
DA:13,1
DA:16,1
DA:17,1
DA:27,1
DA:28,1
DA:29,1
DA:32,1
DA:33,1
DA:35,1
LF:14
LH:14
BRDA:10,0,0,0
BRDA:10,0,1,1
BRF:2
BRH:1
end_of_record
TN:
SF:/Users/jeremycollins/Projects/TS-mysql-server/src/database/src/ActionHandler/User/CreateUserHandler.ts
FN:12,(anonymous_14)
FN:15,CreateUserHandler
FN:17,(anonymous_16)
FNF:3
FNH:3
FNDA:1,(anonymous_14)
FNDA:1,CreateUserHandler
FNDA:1,(anonymous_16)
DA:3,1
DA:4,1
DA:5,1
DA:6,1
DA:7,1
DA:12,1
DA:13,1
DA:15,1
DA:17,1
DA:18,1
DA:19,1
DA:21,1
LF:12
LH:12
BRDA:15,0,0,0
BRDA:15,0,1,1
BRDA:15,1,0,0
BRF:3
BRH:1
end_of_record
TN:
SF:/Users/jeremycollins/Projects/TS-mysql-server/src/database/src/DomainModel/User/User.ts
FN:6,(anonymous_2)
FN:19,User
FN:22,(anonymous_4)
FN:26,(anonymous_5)
FN:30,(anonymous_6)
FN:34,(anonymous_7)
FN:38,(anonymous_8)
FN:42,(anonymous_9)
FN:46,(anonymous_10)
FNF:9
FNH:3
FNDA:1,(anonymous_2)
FNDA:1,User
FNDA:0,(anonymous_4)
FNDA:0,(anonymous_5)
FNDA:1,(anonymous_6)
FNDA:0,(anonymous_7)
FNDA:0,(anonymous_8)
FNDA:0,(anonymous_9)
FNDA:0,(anonymous_10)
DA:1,1
DA:6,1
DA:8,1
DA:11,1
DA:14,1
DA:17,1
DA:22,1
DA:23,0
DA:26,1
DA:27,0
DA:31,1
DA:34,1
DA:35,0
DA:39,0
DA:42,1
DA:43,0
DA:47,0
DA:56,1
LF:18
LH:12
BRF:0
BRH:0
end_of_record
TN:
SF:/Users/jeremycollins/Projects/TS-mysql-server/src/database/src/Infrastructure/Lib/ApplicationCore.ts
FN:8,(anonymous_0)
FN:9,ApplicationCore
FN:11,(anonymous_2)
FN:15,(anonymous_3)
FN:19,(anonymous_4)
FN:23,(anonymous_5)
FNF:6
FNH:4
FNDA:1,(anonymous_0)
FNDA:1,ApplicationCore
FNDA:1,(anonymous_2)
FNDA:0,(anonymous_3)
FNDA:1,(anonymous_4)
FNDA:0,(anonymous_5)
DA:1,1
DA:5,1
DA:6,1
DA:8,1
DA:11,1
DA:12,1
DA:15,1
DA:16,0
DA:19,1
DA:20,1
DA:23,1
DA:24,0
DA:26,1
LF:13
LH:11
BRF:0
BRH:0
end_of_record
TN:
SF:/Users/jeremycollins/Projects/TS-mysql-server/src/database/src/Infrastructure/Lib/Bus/Command/CommandBus.ts
FN:8,(anonymous_0)
FN:10,(anonymous_2)
FNF:2
FNH:2
FNDA:2,(anonymous_0)
FNDA:1,(anonymous_2)
DA:8,1
DA:10,1
DA:11,1
DA:12,1
DA:14,1
LF:5
LH:5
BRF:0
BRH:0
end_of_record
TN:
SF:/Users/jeremycollins/Projects/TS-mysql-server/src/database/src/Infrastructure/Lib/Bus/Query/QueryBus.ts
FN:8,(anonymous_0)
FN:9,(anonymous_2)
FNF:2
FNH:1
FNDA:1,(anonymous_0)
FNDA:0,(anonymous_2)
DA:8,1
DA:9,1
DA:10,0
DA:11,0
DA:13,1
LF:5
LH:3
BRF:0
BRH:0
end_of_record
TN:
SF:/Users/jeremycollins/Projects/TS-mysql-server/src/database/src/Infrastructure/Repository/UserRepository.ts
FN:13,(anonymous_1)
FN:15,(anonymous_3)
FN:19,(anonymous_4)
FN:30,(anonymous_5)
FNF:4
FNH:2
FNDA:2,(anonymous_1)
FNDA:1,(anonymous_3)
FNDA:0,(anonymous_4)
FNDA:0,(anonymous_5)
DA:1,1
DA:2,1
DA:3,1
DA:4,1
DA:13,1
DA:15,1
DA:16,1
DA:19,1
DA:20,0
DA:21,0
DA:22,0
DA:24,0
DA:26,0
DA:27,0
DA:30,1
DA:35,1
LF:16
LH:10
BRDA:21,0,0,0
BRDA:21,0,1,0
BRF:2
BRH:0
end_of_record
